<?xml version="1.0" encoding="UTF-8"?>
<!-- Generated by org.testng.reporters.JUnitXMLReporter -->
<testsuite hostname="Samik-PC" ignored="0" name="MJ B2C US Add To Cart" tests="1" failures="1" timestamp="13 Jul 2017 23:26:49 GMT" time="0.636" errors="0">
  <testcase name="addToCart" time="0.544" classname="com.pragiti.abc.GuestCheckout">
    <failure type="org.testng.internal.reflect.MethodMatcherException" message="
Data provider mismatch
Method: addToCart([Parameter{index=0, type=java.lang.String, declaredAnnotations=[]}])
Arguments: [(java.lang.String)Test Case,(java.lang.String)Pdp Url]">
      <![CDATA[org.testng.internal.reflect.MethodMatcherException: 
Data provider mismatch
Method: addToCart([Parameter{index=0, type=java.lang.String, declaredAnnotations=[]}])
Arguments: [(java.lang.String)Test Case,(java.lang.String)Pdp Url]
... Removed 20 stack frames]]>
    </failure>
  </testcase> <!-- addToCart -->
</testsuite> <!-- MJ B2C US Add To Cart -->
