<?xml version="1.0" encoding="UTF-8"?>
<!-- Generated by org.testng.reporters.JUnitXMLReporter -->
<testsuite hostname="Samik-PC" ignored="0" name="Checkout" tests="1" failures="1" timestamp="18 Jul 2017 19:02:08 GMT" time="0.007" errors="0">
  <testcase name="execute" time="0.0" classname="com.pragiti.excutionEngine.UIExecutor">
    <failure type="org.testng.TestNGException" message="
Data Provider public java.lang.Object[][] com.pragiti.excutionEngine.UIExecutor.XLSX() throws java.lang.Exception must return either Object[][] or Iterator&amp;lt;Object&amp;gt;[], not class [[Ljava.lang.Object;">
      <![CDATA[org.testng.TestNGException: 
Data Provider public java.lang.Object[][] com.pragiti.excutionEngine.UIExecutor.XLSX() throws java.lang.Exception must return either Object[][] or Iterator<Object>[], not class [[Ljava.lang.Object;
... Removed 22 stack frames]]>
    </failure>
  </testcase> <!-- execute -->
</testsuite> <!-- Checkout -->
