<?xml version="1.0" encoding="UTF-8"?>
<!-- Generated by org.testng.reporters.JUnitXMLReporter -->
<testsuite hostname="Samik-PC" ignored="0" name="CheckoutRegular" tests="1" failures="1" timestamp="19 Jul 2017 01:03:41 GMT" time="86.079" errors="0">
  <testcase name="execute" time="85.314" classname="com.pragiti.excutionEngine.UIExecutor">
    <failure type="org.openqa.selenium.InvalidElementStateException" message="Element is not enabled
Build info: version: &amp;apos;3.4.0&amp;apos;, revision: &amp;apos;unknown&amp;apos;, time: &amp;apos;unknown&amp;apos;
System info: host: &amp;apos;SAMIK-PC&amp;apos;, ip: &amp;apos;10.103.6.77&amp;apos;, os.name: &amp;apos;Windows 8.1&amp;apos;, os.arch: &amp;apos;amd64&amp;apos;, os.version: &amp;apos;6.3&amp;apos;, java.version: &amp;apos;1.8.0_45&amp;apos;
Driver info: org.openqa.selenium.firefox.FirefoxDriver
Capabilities [{moz:profile=C:\Users\Samik\AppData\Local\Temp\rust_mozprofile.bNlQuLWjuYFu, rotatable=false, timeouts={implicit=0.0, pageLoad=300000.0, script=30000.0}, pageLoadStrategy=normal, platform=ANY, specificationLevel=0.0, moz:accessibilityChecks=false, acceptInsecureCerts=true, browserVersion=54.0.1, platformVersion=10.0, moz:processID=17476.0, browserName=firefox, javascriptEnabled=true, platformName=windows_nt}]
Session ID: 890d2330-26b4-4d8e-bc6a-2737dd53cc95">
      <![CDATA[org.openqa.selenium.InvalidElementStateException: Element is not enabled
Build info: version: '3.4.0', revision: 'unknown', time: 'unknown'
System info: host: 'SAMIK-PC', ip: '10.103.6.77', os.name: 'Windows 8.1', os.arch: 'amd64', os.version: '6.3', java.version: '1.8.0_45'
Driver info: org.openqa.selenium.firefox.FirefoxDriver
Capabilities [{moz:profile=C:\Users\Samik\AppData\Local\Temp\rust_mozprofile.bNlQuLWjuYFu, rotatable=false, timeouts={implicit=0.0, pageLoad=300000.0, script=30000.0}, pageLoadStrategy=normal, platform=ANY, specificationLevel=0.0, moz:accessibilityChecks=false, acceptInsecureCerts=true, browserVersion=54.0.1, platformVersion=10.0, moz:processID=17476.0, browserName=firefox, javascriptEnabled=true, platformName=windows_nt}]
Session ID: 890d2330-26b4-4d8e-bc6a-2737dd53cc95
	at org.openqa.selenium.remote.http.W3CHttpResponseCodec.createException(W3CHttpResponseCodec.java:150)
	at org.openqa.selenium.remote.http.W3CHttpResponseCodec.decode(W3CHttpResponseCodec.java:115)
	at org.openqa.selenium.remote.http.W3CHttpResponseCodec.decode(W3CHttpResponseCodec.java:45)
	at org.openqa.selenium.remote.HttpCommandExecutor.execute(HttpCommandExecutor.java:164)
	at org.openqa.selenium.remote.service.DriverCommandExecutor.execute(DriverCommandExecutor.java:82)
	at org.openqa.selenium.remote.RemoteWebDriver.execute(RemoteWebDriver.java:637)
	at org.openqa.selenium.remote.RemoteWebElement.execute(RemoteWebElement.java:272)
	at org.openqa.selenium.remote.RemoteWebElement.click(RemoteWebElement.java:82)
	at com.pragiti.excutionEngine.ActionKeys.click(ActionKeys.java:61)
	at com.pragiti.excutionEngine.ActionKeys.executeAction(ActionKeys.java:26)
	at com.pragiti.excutionEngine.UIExecutor.execute(UIExecutor.java:65)
... Removed 29 stack frames]]>
    </failure>
  </testcase> <!-- execute -->
</testsuite> <!-- CheckoutRegular -->
