<?xml version="1.0" encoding="UTF-8"?>
<!-- Generated by org.testng.reporters.JUnitXMLReporter -->
<testsuite hostname="Samik-PC" ignored="0" name="LoginTwoSet" tests="1" failures="1" timestamp="29 Jul 2017 00:01:14 GMT" time="22.534" errors="0">
  <testcase name="execute" time="22.346" classname="com.pragiti.excutionEngine.UIExecutor">
    <failure type="java.lang.AssertionError" message="expected [SAMIK BANERJEE1] but found [SAMIK BANERJEE]">
      <![CDATA[java.lang.AssertionError: expected [SAMIK BANERJEE1] but found [SAMIK BANERJEE]
	at com.pragiti.excutionEngine.ActionKeys.assertText(ActionKeys.java:51)
	at com.pragiti.excutionEngine.ActionKeys.executeAction(ActionKeys.java:41)
	at com.pragiti.excutionEngine.UIExecutor.execute(UIExecutor.java:83)
... Removed 31 stack frames]]>
    </failure>
  </testcase> <!-- execute -->
</testsuite> <!-- LoginTwoSet -->
