<?xml version="1.0" encoding="UTF-8"?>
<!-- Generated by org.testng.reporters.JUnitXMLReporter -->
<testsuite hostname="Samik-PC" ignored="0" name="Login Page2" tests="2" failures="1" timestamp="18 Jul 2017 07:18:27 GMT" time="47.685" errors="0">
  <testcase name="execute" time="11.832" classname="com.pragiti.excutionEngine.UIExecutor"/>
  <testcase name="execute" time="35.802" classname="com.pragiti.excutionEngine.UIExecutor">
    <failure type="org.openqa.selenium.NoSuchElementException" message="Unable to locate element: //a[contains(@href, &amp;apos;/logout&amp;apos;)]
For documentation on this error, please visit: http://seleniumhq.org/exceptions/no_such_element.html
Build info: version: &amp;apos;3.4.0&amp;apos;, revision: &amp;apos;unknown&amp;apos;, time: &amp;apos;unknown&amp;apos;
System info: host: &amp;apos;SAMIK-PC&amp;apos;, ip: &amp;apos;10.103.6.76&amp;apos;, os.name: &amp;apos;Windows 8.1&amp;apos;, os.arch: &amp;apos;amd64&amp;apos;, os.version: &amp;apos;6.3&amp;apos;, java.version: &amp;apos;1.8.0_45&amp;apos;
Driver info: org.openqa.selenium.firefox.FirefoxDriver
Capabilities [{moz:profile=C:\Users\Samik\AppData\Local\Temp\rust_mozprofile.ODtyEeUYGDvF, rotatable=false, timeouts={implicit=0.0, pageLoad=300000.0, script=30000.0}, pageLoadStrategy=normal, platform=ANY, specificationLevel=0.0, moz:accessibilityChecks=false, acceptInsecureCerts=true, browserVersion=54.0.1, platformVersion=10.0, moz:processID=4240.0, browserName=firefox, javascriptEnabled=true, platformName=windows_nt}]
Session ID: bd9bc0d3-6961-4336-ba82-13f2728f778e
*** Element info: {Using=xpath, value=//a[contains(@href, &amp;apos;/logout&amp;apos;)]}">
      <![CDATA[org.openqa.selenium.NoSuchElementException: Unable to locate element: //a[contains(@href, '/logout')]
For documentation on this error, please visit: http://seleniumhq.org/exceptions/no_such_element.html
Build info: version: '3.4.0', revision: 'unknown', time: 'unknown'
System info: host: 'SAMIK-PC', ip: '10.103.6.76', os.name: 'Windows 8.1', os.arch: 'amd64', os.version: '6.3', java.version: '1.8.0_45'
Driver info: org.openqa.selenium.firefox.FirefoxDriver
Capabilities [{moz:profile=C:\Users\Samik\AppData\Local\Temp\rust_mozprofile.ODtyEeUYGDvF, rotatable=false, timeouts={implicit=0.0, pageLoad=300000.0, script=30000.0}, pageLoadStrategy=normal, platform=ANY, specificationLevel=0.0, moz:accessibilityChecks=false, acceptInsecureCerts=true, browserVersion=54.0.1, platformVersion=10.0, moz:processID=4240.0, browserName=firefox, javascriptEnabled=true, platformName=windows_nt}]
Session ID: bd9bc0d3-6961-4336-ba82-13f2728f778e
*** Element info: {Using=xpath, value=//a[contains(@href, '/logout')]}
	at org.openqa.selenium.remote.http.W3CHttpResponseCodec.createException(W3CHttpResponseCodec.java:150)
	at org.openqa.selenium.remote.http.W3CHttpResponseCodec.decode(W3CHttpResponseCodec.java:115)
	at org.openqa.selenium.remote.http.W3CHttpResponseCodec.decode(W3CHttpResponseCodec.java:45)
	at org.openqa.selenium.remote.HttpCommandExecutor.execute(HttpCommandExecutor.java:164)
	at org.openqa.selenium.remote.service.DriverCommandExecutor.execute(DriverCommandExecutor.java:82)
	at org.openqa.selenium.remote.RemoteWebDriver.execute(RemoteWebDriver.java:637)
	at org.openqa.selenium.remote.RemoteWebDriver.findElement(RemoteWebDriver.java:410)
	at org.openqa.selenium.remote.RemoteWebDriver.findElementByXPath(RemoteWebDriver.java:509)
	at org.openqa.selenium.By$ByXPath.findElement(By.java:361)
	at org.openqa.selenium.remote.RemoteWebDriver.findElement(RemoteWebDriver.java:402)
	at com.pragiti.excutionEngine.ActionKeys.findElement(ActionKeys.java:60)
	at com.pragiti.excutionEngine.ActionKeys.click(ActionKeys.java:47)
	at com.pragiti.excutionEngine.ActionKeys.executeAction(ActionKeys.java:24)
	at com.pragiti.excutionEngine.UIExecutor.execute(UIExecutor.java:53)
... Removed 29 stack frames]]>
    </failure>
  </testcase> <!-- execute -->
</testsuite> <!-- Login Page2 -->
