<?xml version="1.0" encoding="UTF-8"?>
<!-- Generated by org.testng.reporters.JUnitXMLReporter -->
<testsuite hostname="Samik-PC" ignored="0" name="Add Plano (and Reader) To Cart" tests="2" failures="0" timestamp="17 Aug 2017 00:51:42 GMT" time="19.475" errors="0">
  <testcase name="execute" time="9.216" classname="com.pragiti.excutionEngine.UIExecutor"/>
  <testcase name="execute" time="10.141" classname="com.pragiti.excutionEngine.UIExecutor"/>
</testsuite> <!-- Add Plano (and Reader) To Cart -->
