<?xml version="1.0" encoding="UTF-8"?>
<!-- Generated by org.testng.reporters.JUnitXMLReporter -->
<testsuite hostname="Samik-PC" ignored="0" name="Add Plano (and Reader) To Cart" tests="2" failures="0" timestamp="18 Aug 2017 23:08:23 GMT" time="17.221" errors="0">
  <testcase name="execute" time="9.418" classname="com.pragiti.excutionEngine.UIExecutor"/>
  <testcase name="execute" time="7.611" classname="com.pragiti.excutionEngine.UIExecutor"/>
</testsuite> <!-- Add Plano (and Reader) To Cart -->
