<?xml version="1.0" encoding="UTF-8"?>
<!-- Generated by org.testng.reporters.JUnitXMLReporter -->
<testsuite hostname="Samik-PC" ignored="0" name="Add Plano (and Reader) To Cart" tests="2" failures="0" timestamp="23 Aug 2017 19:35:41 GMT" time="23.042" errors="0">
  <testcase name="execute" time="14.174" classname="com.pragiti.excutionEngine.UIExecutor"/>
  <testcase name="execute" time="8.589" classname="com.pragiti.excutionEngine.UIExecutor"/>
</testsuite> <!-- Add Plano (and Reader) To Cart -->
