<?xml version="1.0" encoding="UTF-8"?>
<testng-results skipped="0" failed="0" ignored="0" total="5" passed="5">
  <reporter-output>
  </reporter-output>
  <suite name="Maui Jim B2B Checkout Execution Suite" duration-ms="52799" started-at="2017-08-18T23:05:36Z" finished-at="2017-08-18T23:06:29Z">
    <groups>
    </groups>
    <test name="Login To Checkout" duration-ms="8667" started-at="2017-08-18T23:05:36Z" finished-at="2017-08-18T23:05:45Z">
      <class name="com.pragiti.excutionEngine.UIExecutor">
        <test-method status="PASS" signature="initiaLizeTest(java.lang.String, java.lang.String)[pri:0, instance:com.pragiti.excutionEngine.UIExecutor@17f7cd29]" name="initiaLizeTest" is-config="true" duration-ms="1" started-at="2017-08-18T16:05:36Z" finished-at="2017-08-18T16:05:36Z">
          <params>
            <param index="0">
              <value>
                <![CDATA[MJ_B2B_Login.xlsx]]>
              </value>
            </param>
            <param index="1">
              <value>
                <![CDATA[MJ_B2B_Login.xlsx]]>
              </value>
            </param>
          </params>
          <reporter-output>
          </reporter-output>
        </test-method> <!-- initiaLizeTest -->
        <test-method status="PASS" signature="setUpTest(org.testng.ITestContext)[pri:0, instance:com.pragiti.excutionEngine.UIExecutor@17f7cd29]" name="setUpTest" is-config="true" duration-ms="0" started-at="2017-08-18T16:05:36Z" depends-on-methods="com.pragiti.core.BaseSetup.initiaLizeTest" finished-at="2017-08-18T16:05:36Z">
          <params>
            <param index="0">
              <value>
                <![CDATA[org.testng.TestRunner@6f8e0cee]]>
              </value>
            </param>
          </params>
          <reporter-output>
          </reporter-output>
        </test-method> <!-- setUpTest -->
        <test-method status="PASS" signature="setUp()[pri:0, instance:com.pragiti.excutionEngine.UIExecutor@17f7cd29]" name="setUp" is-config="true" duration-ms="0" started-at="2017-08-18T16:05:36Z" finished-at="2017-08-18T16:05:36Z">
          <reporter-output>
          </reporter-output>
        </test-method> <!-- setUp -->
        <test-method status="PASS" signature="execute([Ljava.lang.String;)[pri:0, instance:com.pragiti.excutionEngine.UIExecutor@17f7cd29]" name="execute" duration-ms="6992" started-at="2017-08-18T16:05:38Z" data-provider="uiexecxlsx" finished-at="2017-08-18T16:05:45Z">
          <params>
            <param index="0">
              <value>
                <![CDATA[[Ljava.lang.String;@faa3fed]]>
              </value>
            </param>
          </params>
          <reporter-output>
          </reporter-output>
        </test-method> <!-- execute -->
        <test-method status="PASS" signature="afterMethod(org.testng.ITestResult)[pri:0, instance:com.pragiti.excutionEngine.UIExecutor@17f7cd29]" name="afterMethod" is-config="true" duration-ms="383" started-at="2017-08-18T16:05:45Z" finished-at="2017-08-18T16:05:45Z">
          <params>
            <param index="0">
              <value>
                <![CDATA[[TestResult name=execute status=SUCCESS method=UIExecutor.execute([Ljava.lang.String;)[pri:0, instance:com.pragiti.excutionEngine.UIExecutor@17f7cd29] output={null}]]]>
              </value>
            </param>
          </params>
          <reporter-output>
          </reporter-output>
        </test-method> <!-- afterMethod -->
      </class> <!-- com.pragiti.excutionEngine.UIExecutor -->
    </test> <!-- Login To Checkout -->
    <test name="Add Plano (and Reader) To Cart" duration-ms="17281" started-at="2017-08-18T23:05:45Z" finished-at="2017-08-18T23:06:02Z">
      <class name="com.pragiti.excutionEngine.UIExecutor">
        <test-method status="PASS" signature="initiaLizeTest(java.lang.String, java.lang.String)[pri:0, instance:com.pragiti.excutionEngine.UIExecutor@7494f96a]" name="initiaLizeTest" is-config="true" duration-ms="1" started-at="2017-08-18T16:05:45Z" finished-at="2017-08-18T16:05:45Z">
          <params>
            <param index="0">
              <value>
                <![CDATA[MJ_B2B_PlanoATC.xlsx]]>
              </value>
            </param>
            <param index="1">
              <value>
                <![CDATA[MJ_B2B_PlanoATC.xlsx]]>
              </value>
            </param>
          </params>
          <reporter-output>
          </reporter-output>
        </test-method> <!-- initiaLizeTest -->
        <test-method status="PASS" signature="setUpTest(org.testng.ITestContext)[pri:0, instance:com.pragiti.excutionEngine.UIExecutor@7494f96a]" name="setUpTest" is-config="true" duration-ms="0" started-at="2017-08-18T16:05:45Z" depends-on-methods="com.pragiti.core.BaseSetup.initiaLizeTest" finished-at="2017-08-18T16:05:45Z">
          <params>
            <param index="0">
              <value>
                <![CDATA[org.testng.TestRunner@614aeccc]]>
              </value>
            </param>
          </params>
          <reporter-output>
          </reporter-output>
        </test-method> <!-- setUpTest -->
        <test-method status="PASS" signature="setUp()[pri:0, instance:com.pragiti.excutionEngine.UIExecutor@7494f96a]" name="setUp" is-config="true" duration-ms="0" started-at="2017-08-18T16:05:45Z" finished-at="2017-08-18T16:05:45Z">
          <reporter-output>
          </reporter-output>
        </test-method> <!-- setUp -->
        <test-method status="PASS" signature="execute([Ljava.lang.String;)[pri:0, instance:com.pragiti.excutionEngine.UIExecutor@7494f96a]" name="execute" duration-ms="9227" started-at="2017-08-18T16:05:45Z" data-provider="uiexecxlsx" finished-at="2017-08-18T16:05:54Z">
          <params>
            <param index="0">
              <value>
                <![CDATA[[Ljava.lang.String;@2189e7a7]]>
              </value>
            </param>
          </params>
          <reporter-output>
          </reporter-output>
        </test-method> <!-- execute -->
        <test-method status="PASS" signature="afterMethod(org.testng.ITestResult)[pri:0, instance:com.pragiti.excutionEngine.UIExecutor@7494f96a]" name="afterMethod" is-config="true" duration-ms="55" started-at="2017-08-18T16:05:54Z" finished-at="2017-08-18T16:05:54Z">
          <params>
            <param index="0">
              <value>
                <![CDATA[[TestResult name=execute status=SUCCESS method=UIExecutor.execute([Ljava.lang.String;)[pri:0, instance:com.pragiti.excutionEngine.UIExecutor@7494f96a] output={null}]]]>
              </value>
            </param>
          </params>
          <reporter-output>
          </reporter-output>
        </test-method> <!-- afterMethod -->
        <test-method status="PASS" signature="execute([Ljava.lang.String;)[pri:0, instance:com.pragiti.excutionEngine.UIExecutor@7494f96a]" name="execute" duration-ms="7893" started-at="2017-08-18T16:05:54Z" data-provider="uiexecxlsx" finished-at="2017-08-18T16:06:02Z">
          <params>
            <param index="0">
              <value>
                <![CDATA[[Ljava.lang.String;@69b2f8e5]]>
              </value>
            </param>
          </params>
          <reporter-output>
          </reporter-output>
        </test-method> <!-- execute -->
        <test-method status="PASS" signature="afterMethod(org.testng.ITestResult)[pri:0, instance:com.pragiti.excutionEngine.UIExecutor@7494f96a]" name="afterMethod" is-config="true" duration-ms="49" started-at="2017-08-18T16:06:02Z" finished-at="2017-08-18T16:06:02Z">
          <params>
            <param index="0">
              <value>
                <![CDATA[[TestResult name=execute status=SUCCESS method=UIExecutor.execute([Ljava.lang.String;)[pri:0, instance:com.pragiti.excutionEngine.UIExecutor@7494f96a] output={null}]]]>
              </value>
            </param>
          </params>
          <reporter-output>
          </reporter-output>
        </test-method> <!-- afterMethod -->
      </class> <!-- com.pragiti.excutionEngine.UIExecutor -->
    </test> <!-- Add Plano (and Reader) To Cart -->
    <test name="Place Order" duration-ms="21968" started-at="2017-08-18T23:06:02Z" finished-at="2017-08-18T23:06:24Z">
      <class name="com.pragiti.excutionEngine.UIExecutor">
        <test-method status="PASS" signature="initiaLizeTest(java.lang.String, java.lang.String)[pri:0, instance:com.pragiti.excutionEngine.UIExecutor@e4487af]" name="initiaLizeTest" is-config="true" duration-ms="2" started-at="2017-08-18T16:06:02Z" finished-at="2017-08-18T16:06:02Z">
          <params>
            <param index="0">
              <value>
                <![CDATA[MJ_B2B_PlaceOrder.xlsx]]>
              </value>
            </param>
            <param index="1">
              <value>
                <![CDATA[MJ_B2B_PlaceOrder.xlsx]]>
              </value>
            </param>
          </params>
          <reporter-output>
          </reporter-output>
        </test-method> <!-- initiaLizeTest -->
        <test-method status="PASS" signature="setUp()[pri:0, instance:com.pragiti.excutionEngine.UIExecutor@e4487af]" name="setUp" is-config="true" duration-ms="0" started-at="2017-08-18T16:06:02Z" finished-at="2017-08-18T16:06:02Z">
          <reporter-output>
          </reporter-output>
        </test-method> <!-- setUp -->
        <test-method status="PASS" signature="setUpTest(org.testng.ITestContext)[pri:0, instance:com.pragiti.excutionEngine.UIExecutor@e4487af]" name="setUpTest" is-config="true" duration-ms="0" started-at="2017-08-18T16:06:02Z" depends-on-methods="com.pragiti.core.BaseSetup.initiaLizeTest" finished-at="2017-08-18T16:06:02Z">
          <params>
            <param index="0">
              <value>
                <![CDATA[org.testng.TestRunner@5116ac09]]>
              </value>
            </param>
          </params>
          <reporter-output>
          </reporter-output>
        </test-method> <!-- setUpTest -->
        <test-method status="PASS" signature="execute([Ljava.lang.String;)[pri:0, instance:com.pragiti.excutionEngine.UIExecutor@e4487af]" name="execute" duration-ms="21830" started-at="2017-08-18T16:06:02Z" data-provider="uiexecxlsx" finished-at="2017-08-18T16:06:24Z">
          <params>
            <param index="0">
              <value>
                <![CDATA[[Ljava.lang.String;@6579c3d9]]>
              </value>
            </param>
          </params>
          <reporter-output>
          </reporter-output>
        </test-method> <!-- execute -->
        <test-method status="PASS" signature="afterMethod(org.testng.ITestResult)[pri:0, instance:com.pragiti.excutionEngine.UIExecutor@e4487af]" name="afterMethod" is-config="true" duration-ms="64" started-at="2017-08-18T16:06:24Z" finished-at="2017-08-18T16:06:24Z">
          <params>
            <param index="0">
              <value>
                <![CDATA[[TestResult name=execute status=SUCCESS method=UIExecutor.execute([Ljava.lang.String;)[pri:0, instance:com.pragiti.excutionEngine.UIExecutor@e4487af] output={null}]]]>
              </value>
            </param>
          </params>
          <reporter-output>
          </reporter-output>
        </test-method> <!-- afterMethod -->
      </class> <!-- com.pragiti.excutionEngine.UIExecutor -->
    </test> <!-- Place Order -->
    <test name="Logout of Site" duration-ms="4847" started-at="2017-08-18T23:06:24Z" finished-at="2017-08-18T23:06:29Z">
      <class name="com.pragiti.excutionEngine.UIExecutor">
        <test-method status="PASS" signature="initializeTestBaseSetup(java.lang.String, java.lang.String, org.testng.ITestContext)[pri:0, instance:com.pragiti.excutionEngine.UIExecutor@37883b97]" name="initializeTestBaseSetup" is-config="true" duration-ms="9968" started-at="2017-08-18T16:05:26Z" finished-at="2017-08-18T16:05:36Z">
          <params>
            <param index="0">
              <value>
                <![CDATA[firefox]]>
              </value>
            </param>
            <param index="1">
              <value>
                <![CDATA[https://usmauijimb2b.stg/mauijimb2bstorefront]]>
              </value>
            </param>
            <param index="2">
              <value>
                <![CDATA[org.testng.TestRunner@5b022357]]>
              </value>
            </param>
          </params>
          <reporter-output>
          </reporter-output>
        </test-method> <!-- initializeTestBaseSetup -->
        <test-method status="PASS" signature="setUp()[pri:0, instance:com.pragiti.excutionEngine.UIExecutor@37883b97]" name="setUp" is-config="true" duration-ms="0" started-at="2017-08-18T16:06:24Z" finished-at="2017-08-18T16:06:24Z">
          <reporter-output>
          </reporter-output>
        </test-method> <!-- setUp -->
        <test-method status="PASS" signature="initiaLizeTest(java.lang.String, java.lang.String)[pri:0, instance:com.pragiti.excutionEngine.UIExecutor@37883b97]" name="initiaLizeTest" is-config="true" duration-ms="0" started-at="2017-08-18T16:06:24Z" finished-at="2017-08-18T16:06:24Z">
          <params>
            <param index="0">
              <value>
                <![CDATA[MJ_B2B_Logout.xlsx]]>
              </value>
            </param>
            <param index="1">
              <value>
                <![CDATA[MJ_B2B_Logout.xlsx]]>
              </value>
            </param>
          </params>
          <reporter-output>
          </reporter-output>
        </test-method> <!-- initiaLizeTest -->
        <test-method status="PASS" signature="setUpTest(org.testng.ITestContext)[pri:0, instance:com.pragiti.excutionEngine.UIExecutor@37883b97]" name="setUpTest" is-config="true" duration-ms="0" started-at="2017-08-18T16:06:24Z" depends-on-methods="com.pragiti.core.BaseSetup.initiaLizeTest" finished-at="2017-08-18T16:06:24Z">
          <params>
            <param index="0">
              <value>
                <![CDATA[org.testng.TestRunner@5b022357]]>
              </value>
            </param>
          </params>
          <reporter-output>
          </reporter-output>
        </test-method> <!-- setUpTest -->
        <test-method status="PASS" signature="execute([Ljava.lang.String;)[pri:0, instance:com.pragiti.excutionEngine.UIExecutor@37883b97]" name="execute" duration-ms="4740" started-at="2017-08-18T16:06:24Z" data-provider="uiexecxlsx" finished-at="2017-08-18T16:06:29Z">
          <params>
            <param index="0">
              <value>
                <![CDATA[[Ljava.lang.String;@25d958c6]]>
              </value>
            </param>
          </params>
          <reporter-output>
          </reporter-output>
        </test-method> <!-- execute -->
        <test-method status="PASS" signature="afterMethod(org.testng.ITestResult)[pri:0, instance:com.pragiti.excutionEngine.UIExecutor@37883b97]" name="afterMethod" is-config="true" duration-ms="50" started-at="2017-08-18T16:06:29Z" finished-at="2017-08-18T16:06:29Z">
          <params>
            <param index="0">
              <value>
                <![CDATA[[TestResult name=execute status=SUCCESS method=UIExecutor.execute([Ljava.lang.String;)[pri:0, instance:com.pragiti.excutionEngine.UIExecutor@37883b97] output={null}]]]>
              </value>
            </param>
          </params>
          <reporter-output>
          </reporter-output>
        </test-method> <!-- afterMethod -->
        <test-method status="PASS" signature="tearDown()[pri:0, instance:com.pragiti.excutionEngine.UIExecutor@37883b97]" name="tearDown" is-config="true" duration-ms="1439" started-at="2017-08-18T16:06:29Z" finished-at="2017-08-18T16:06:31Z">
          <reporter-output>
          </reporter-output>
        </test-method> <!-- tearDown -->
      </class> <!-- com.pragiti.excutionEngine.UIExecutor -->
    </test> <!-- Logout of Site -->
  </suite> <!-- Maui Jim B2B Checkout Execution Suite -->
</testng-results>
