<?xml version="1.0" encoding="UTF-8"?>
<testng-results skipped="0" failed="0" ignored="0" total="7" passed="7">
  <reporter-output>
  </reporter-output>
  <suite name="Maui Jim B2B Checkout Execution Suite" duration-ms="83391" started-at="2017-08-11T20:54:33Z" finished-at="2017-08-11T20:55:56Z">
    <groups>
    </groups>
    <test name="Login To Checkout" duration-ms="9173" started-at="2017-08-11T20:54:33Z" finished-at="2017-08-11T20:54:42Z">
      <class name="com.pragiti.excutionEngine.UIExecutor">
        <test-method status="PASS" signature="setUpTest(org.testng.ITestContext)[pri:0, instance:com.pragiti.excutionEngine.UIExecutor@6913c1fb]" name="setUpTest" is-config="true" duration-ms="1" started-at="2017-08-11T13:54:33Z" depends-on-methods="com.pragiti.core.BaseSetup.initiaLizeTest" finished-at="2017-08-11T13:54:33Z">
          <params>
            <param index="0">
              <value>
                <![CDATA[org.testng.TestRunner@515ebef3]]>
              </value>
            </param>
          </params>
          <reporter-output>
          </reporter-output>
        </test-method> <!-- setUpTest -->
        <test-method status="PASS" signature="initiaLizeTest(java.lang.String, java.lang.String)[pri:0, instance:com.pragiti.excutionEngine.UIExecutor@6913c1fb]" name="initiaLizeTest" is-config="true" duration-ms="0" started-at="2017-08-11T13:54:33Z" finished-at="2017-08-11T13:54:33Z">
          <params>
            <param index="0">
              <value>
                <![CDATA[MJ_B2B_Login.xlsx]]>
              </value>
            </param>
            <param index="1">
              <value>
                <![CDATA[MJ_B2B_Login.xlsx]]>
              </value>
            </param>
          </params>
          <reporter-output>
          </reporter-output>
        </test-method> <!-- initiaLizeTest -->
        <test-method status="PASS" signature="setUp()[pri:0, instance:com.pragiti.excutionEngine.UIExecutor@6913c1fb]" name="setUp" is-config="true" duration-ms="0" started-at="2017-08-11T13:54:33Z" finished-at="2017-08-11T13:54:33Z">
          <reporter-output>
          </reporter-output>
        </test-method> <!-- setUp -->
        <test-method status="PASS" signature="execute([Ljava.lang.String;)[pri:0, instance:com.pragiti.excutionEngine.UIExecutor@6913c1fb]" name="execute" duration-ms="8110" started-at="2017-08-11T13:54:33Z" data-provider="uiexecxlsx" finished-at="2017-08-11T13:54:42Z">
          <params>
            <param index="0">
              <value>
                <![CDATA[[Ljava.lang.String;@e93f3d5]]>
              </value>
            </param>
          </params>
          <reporter-output>
          </reporter-output>
        </test-method> <!-- execute -->
        <test-method status="PASS" signature="afterMethod(org.testng.ITestResult)[pri:0, instance:com.pragiti.excutionEngine.UIExecutor@6913c1fb]" name="afterMethod" is-config="true" duration-ms="507" started-at="2017-08-11T13:54:42Z" finished-at="2017-08-11T13:54:42Z">
          <params>
            <param index="0">
              <value>
                <![CDATA[[TestResult name=execute status=SUCCESS method=UIExecutor.execute([Ljava.lang.String;)[pri:0, instance:com.pragiti.excutionEngine.UIExecutor@6913c1fb] output={null}]]]>
              </value>
            </param>
          </params>
          <reporter-output>
          </reporter-output>
        </test-method> <!-- afterMethod -->
      </class> <!-- com.pragiti.excutionEngine.UIExecutor -->
    </test> <!-- Login To Checkout -->
    <test name="Add Plano (and Reader) To Cart" duration-ms="15265" started-at="2017-08-11T20:54:42Z" finished-at="2017-08-11T20:54:57Z">
      <class name="com.pragiti.excutionEngine.UIExecutor">
        <test-method status="PASS" signature="initiaLizeTest(java.lang.String, java.lang.String)[pri:0, instance:com.pragiti.excutionEngine.UIExecutor@1f59a598]" name="initiaLizeTest" is-config="true" duration-ms="1" started-at="2017-08-11T13:54:42Z" finished-at="2017-08-11T13:54:42Z">
          <params>
            <param index="0">
              <value>
                <![CDATA[MJ_B2B_PlanoATC.xlsx]]>
              </value>
            </param>
            <param index="1">
              <value>
                <![CDATA[MJ_B2B_PlanoATC.xlsx]]>
              </value>
            </param>
          </params>
          <reporter-output>
          </reporter-output>
        </test-method> <!-- initiaLizeTest -->
        <test-method status="PASS" signature="setUp()[pri:0, instance:com.pragiti.excutionEngine.UIExecutor@1f59a598]" name="setUp" is-config="true" duration-ms="0" started-at="2017-08-11T13:54:42Z" finished-at="2017-08-11T13:54:42Z">
          <reporter-output>
          </reporter-output>
        </test-method> <!-- setUp -->
        <test-method status="PASS" signature="setUpTest(org.testng.ITestContext)[pri:0, instance:com.pragiti.excutionEngine.UIExecutor@1f59a598]" name="setUpTest" is-config="true" duration-ms="0" started-at="2017-08-11T13:54:42Z" depends-on-methods="com.pragiti.core.BaseSetup.initiaLizeTest" finished-at="2017-08-11T13:54:42Z">
          <params>
            <param index="0">
              <value>
                <![CDATA[org.testng.TestRunner@545607f2]]>
              </value>
            </param>
          </params>
          <reporter-output>
          </reporter-output>
        </test-method> <!-- setUpTest -->
        <test-method status="PASS" signature="execute([Ljava.lang.String;)[pri:0, instance:com.pragiti.excutionEngine.UIExecutor@1f59a598]" name="execute" duration-ms="6666" started-at="2017-08-11T13:54:42Z" data-provider="uiexecxlsx" finished-at="2017-08-11T13:54:49Z">
          <params>
            <param index="0">
              <value>
                <![CDATA[[Ljava.lang.String;@726a6b94]]>
              </value>
            </param>
          </params>
          <reporter-output>
          </reporter-output>
        </test-method> <!-- execute -->
        <test-method status="PASS" signature="afterMethod(org.testng.ITestResult)[pri:0, instance:com.pragiti.excutionEngine.UIExecutor@1f59a598]" name="afterMethod" is-config="true" duration-ms="93" started-at="2017-08-11T13:54:49Z" finished-at="2017-08-11T13:54:49Z">
          <params>
            <param index="0">
              <value>
                <![CDATA[[TestResult name=execute status=SUCCESS method=UIExecutor.execute([Ljava.lang.String;)[pri:0, instance:com.pragiti.excutionEngine.UIExecutor@1f59a598] output={null}]]]>
              </value>
            </param>
          </params>
          <reporter-output>
          </reporter-output>
        </test-method> <!-- afterMethod -->
        <test-method status="PASS" signature="execute([Ljava.lang.String;)[pri:0, instance:com.pragiti.excutionEngine.UIExecutor@1f59a598]" name="execute" duration-ms="8344" started-at="2017-08-11T13:54:49Z" data-provider="uiexecxlsx" finished-at="2017-08-11T13:54:57Z">
          <params>
            <param index="0">
              <value>
                <![CDATA[[Ljava.lang.String;@6ad11a56]]>
              </value>
            </param>
          </params>
          <reporter-output>
          </reporter-output>
        </test-method> <!-- execute -->
        <test-method status="PASS" signature="afterMethod(org.testng.ITestResult)[pri:0, instance:com.pragiti.excutionEngine.UIExecutor@1f59a598]" name="afterMethod" is-config="true" duration-ms="117" started-at="2017-08-11T13:54:57Z" finished-at="2017-08-11T13:54:57Z">
          <params>
            <param index="0">
              <value>
                <![CDATA[[TestResult name=execute status=SUCCESS method=UIExecutor.execute([Ljava.lang.String;)[pri:0, instance:com.pragiti.excutionEngine.UIExecutor@1f59a598] output={null}]]]>
              </value>
            </param>
          </params>
          <reporter-output>
          </reporter-output>
        </test-method> <!-- afterMethod -->
      </class> <!-- com.pragiti.excutionEngine.UIExecutor -->
    </test> <!-- Add Plano (and Reader) To Cart -->
    <test name="Add Opthalmic To Cart" duration-ms="29338" started-at="2017-08-11T20:54:57Z" finished-at="2017-08-11T20:55:27Z">
      <class name="com.pragiti.excutionEngine.UIExecutor">
        <test-method status="PASS" signature="initiaLizeTest(java.lang.String, java.lang.String)[pri:0, instance:com.pragiti.excutionEngine.UIExecutor@49e5f737]" name="initiaLizeTest" is-config="true" duration-ms="1" started-at="2017-08-11T13:54:57Z" finished-at="2017-08-11T13:54:57Z">
          <params>
            <param index="0">
              <value>
                <![CDATA[MJ_B2B_OpthalmicATC.xlsx]]>
              </value>
            </param>
            <param index="1">
              <value>
                <![CDATA[MJ_B2B_OpthalmicATC.xlsx]]>
              </value>
            </param>
          </params>
          <reporter-output>
          </reporter-output>
        </test-method> <!-- initiaLizeTest -->
        <test-method status="PASS" signature="setUpTest(org.testng.ITestContext)[pri:0, instance:com.pragiti.excutionEngine.UIExecutor@49e5f737]" name="setUpTest" is-config="true" duration-ms="1" started-at="2017-08-11T13:54:57Z" depends-on-methods="com.pragiti.core.BaseSetup.initiaLizeTest" finished-at="2017-08-11T13:54:57Z">
          <params>
            <param index="0">
              <value>
                <![CDATA[org.testng.TestRunner@39109136]]>
              </value>
            </param>
          </params>
          <reporter-output>
          </reporter-output>
        </test-method> <!-- setUpTest -->
        <test-method status="PASS" signature="setUp()[pri:0, instance:com.pragiti.excutionEngine.UIExecutor@49e5f737]" name="setUp" is-config="true" duration-ms="0" started-at="2017-08-11T13:54:57Z" finished-at="2017-08-11T13:54:57Z">
          <reporter-output>
          </reporter-output>
        </test-method> <!-- setUp -->
        <test-method status="PASS" signature="execute([Ljava.lang.String;)[pri:0, instance:com.pragiti.excutionEngine.UIExecutor@49e5f737]" name="execute" duration-ms="29121" started-at="2017-08-11T13:54:57Z" data-provider="uiexecxlsx" finished-at="2017-08-11T13:55:27Z">
          <params>
            <param index="0">
              <value>
                <![CDATA[[Ljava.lang.String;@5972d253]]>
              </value>
            </param>
          </params>
          <reporter-output>
          </reporter-output>
        </test-method> <!-- execute -->
        <test-method status="PASS" signature="afterMethod(org.testng.ITestResult)[pri:0, instance:com.pragiti.excutionEngine.UIExecutor@49e5f737]" name="afterMethod" is-config="true" duration-ms="149" started-at="2017-08-11T13:55:27Z" finished-at="2017-08-11T13:55:27Z">
          <params>
            <param index="0">
              <value>
                <![CDATA[[TestResult name=execute status=SUCCESS method=UIExecutor.execute([Ljava.lang.String;)[pri:0, instance:com.pragiti.excutionEngine.UIExecutor@49e5f737] output={null}]]]>
              </value>
            </param>
          </params>
          <reporter-output>
          </reporter-output>
        </test-method> <!-- afterMethod -->
      </class> <!-- com.pragiti.excutionEngine.UIExecutor -->
    </test> <!-- Add Opthalmic To Cart -->
    <test name="Add MyMaui To Cart" duration-ms="6646" started-at="2017-08-11T20:55:27Z" finished-at="2017-08-11T20:55:33Z">
      <class name="com.pragiti.excutionEngine.UIExecutor">
        <test-method status="PASS" signature="setUpTest(org.testng.ITestContext)[pri:0, instance:com.pragiti.excutionEngine.UIExecutor@37271612]" name="setUpTest" is-config="true" duration-ms="0" started-at="2017-08-11T13:55:27Z" depends-on-methods="com.pragiti.core.BaseSetup.initiaLizeTest" finished-at="2017-08-11T13:55:27Z">
          <params>
            <param index="0">
              <value>
                <![CDATA[org.testng.TestRunner@27c04377]]>
              </value>
            </param>
          </params>
          <reporter-output>
          </reporter-output>
        </test-method> <!-- setUpTest -->
        <test-method status="PASS" signature="initiaLizeTest(java.lang.String, java.lang.String)[pri:0, instance:com.pragiti.excutionEngine.UIExecutor@37271612]" name="initiaLizeTest" is-config="true" duration-ms="0" started-at="2017-08-11T13:55:27Z" finished-at="2017-08-11T13:55:27Z">
          <params>
            <param index="0">
              <value>
                <![CDATA[MJ_B2B_MMAtc.xlsx]]>
              </value>
            </param>
            <param index="1">
              <value>
                <![CDATA[MJ_B2B_MMAtc.xlsx]]>
              </value>
            </param>
          </params>
          <reporter-output>
          </reporter-output>
        </test-method> <!-- initiaLizeTest -->
        <test-method status="PASS" signature="setUp()[pri:0, instance:com.pragiti.excutionEngine.UIExecutor@37271612]" name="setUp" is-config="true" duration-ms="0" started-at="2017-08-11T13:55:27Z" finished-at="2017-08-11T13:55:27Z">
          <reporter-output>
          </reporter-output>
        </test-method> <!-- setUp -->
        <test-method status="PASS" signature="execute([Ljava.lang.String;)[pri:0, instance:com.pragiti.excutionEngine.UIExecutor@37271612]" name="execute" duration-ms="6523" started-at="2017-08-11T13:55:27Z" data-provider="uiexecxlsx" finished-at="2017-08-11T13:55:33Z">
          <params>
            <param index="0">
              <value>
                <![CDATA[[Ljava.lang.String;@c446b14]]>
              </value>
            </param>
          </params>
          <reporter-output>
          </reporter-output>
        </test-method> <!-- execute -->
        <test-method status="PASS" signature="afterMethod(org.testng.ITestResult)[pri:0, instance:com.pragiti.excutionEngine.UIExecutor@37271612]" name="afterMethod" is-config="true" duration-ms="94" started-at="2017-08-11T13:55:33Z" finished-at="2017-08-11T13:55:33Z">
          <params>
            <param index="0">
              <value>
                <![CDATA[[TestResult name=execute status=SUCCESS method=UIExecutor.execute([Ljava.lang.String;)[pri:0, instance:com.pragiti.excutionEngine.UIExecutor@37271612] output={null}]]]>
              </value>
            </param>
          </params>
          <reporter-output>
          </reporter-output>
        </test-method> <!-- afterMethod -->
      </class> <!-- com.pragiti.excutionEngine.UIExecutor -->
    </test> <!-- Add MyMaui To Cart -->
    <test name="Place Order" duration-ms="18422" started-at="2017-08-11T20:55:33Z" finished-at="2017-08-11T20:55:52Z">
      <class name="com.pragiti.excutionEngine.UIExecutor">
        <test-method status="PASS" signature="initiaLizeTest(java.lang.String, java.lang.String)[pri:0, instance:com.pragiti.excutionEngine.UIExecutor@5c90e579]" name="initiaLizeTest" is-config="true" duration-ms="0" started-at="2017-08-11T13:55:33Z" finished-at="2017-08-11T13:55:33Z">
          <params>
            <param index="0">
              <value>
                <![CDATA[MJ_B2B_PlaceOrder.xlsx]]>
              </value>
            </param>
            <param index="1">
              <value>
                <![CDATA[MJ_B2B_PlaceOrder.xlsx]]>
              </value>
            </param>
          </params>
          <reporter-output>
          </reporter-output>
        </test-method> <!-- initiaLizeTest -->
        <test-method status="PASS" signature="setUpTest(org.testng.ITestContext)[pri:0, instance:com.pragiti.excutionEngine.UIExecutor@5c90e579]" name="setUpTest" is-config="true" duration-ms="0" started-at="2017-08-11T13:55:33Z" depends-on-methods="com.pragiti.core.BaseSetup.initiaLizeTest" finished-at="2017-08-11T13:55:33Z">
          <params>
            <param index="0">
              <value>
                <![CDATA[org.testng.TestRunner@34dc85a]]>
              </value>
            </param>
          </params>
          <reporter-output>
          </reporter-output>
        </test-method> <!-- setUpTest -->
        <test-method status="PASS" signature="setUp()[pri:0, instance:com.pragiti.excutionEngine.UIExecutor@5c90e579]" name="setUp" is-config="true" duration-ms="0" started-at="2017-08-11T13:55:33Z" finished-at="2017-08-11T13:55:33Z">
          <reporter-output>
          </reporter-output>
        </test-method> <!-- setUp -->
        <test-method status="PASS" signature="execute([Ljava.lang.String;)[pri:0, instance:com.pragiti.excutionEngine.UIExecutor@5c90e579]" name="execute" duration-ms="18349" started-at="2017-08-11T13:55:33Z" data-provider="uiexecxlsx" finished-at="2017-08-11T13:55:52Z">
          <params>
            <param index="0">
              <value>
                <![CDATA[[Ljava.lang.String;@4c98a6d5]]>
              </value>
            </param>
          </params>
          <reporter-output>
          </reporter-output>
        </test-method> <!-- execute -->
        <test-method status="PASS" signature="afterMethod(org.testng.ITestResult)[pri:0, instance:com.pragiti.excutionEngine.UIExecutor@5c90e579]" name="afterMethod" is-config="true" duration-ms="58" started-at="2017-08-11T13:55:52Z" finished-at="2017-08-11T13:55:52Z">
          <params>
            <param index="0">
              <value>
                <![CDATA[[TestResult name=execute status=SUCCESS method=UIExecutor.execute([Ljava.lang.String;)[pri:0, instance:com.pragiti.excutionEngine.UIExecutor@5c90e579] output={null}]]]>
              </value>
            </param>
          </params>
          <reporter-output>
          </reporter-output>
        </test-method> <!-- afterMethod -->
      </class> <!-- com.pragiti.excutionEngine.UIExecutor -->
    </test> <!-- Place Order -->
    <test name="Logout of Site" duration-ms="4505" started-at="2017-08-11T20:55:52Z" finished-at="2017-08-11T20:55:56Z">
      <class name="com.pragiti.excutionEngine.UIExecutor">
        <test-method status="PASS" signature="initializeTestBaseSetup(java.lang.String, java.lang.String)[pri:0, instance:com.pragiti.excutionEngine.UIExecutor@31f9b85e]" name="initializeTestBaseSetup" is-config="true" duration-ms="8337" started-at="2017-08-11T13:54:24Z" finished-at="2017-08-11T13:54:33Z">
          <params>
            <param index="0">
              <value>
                <![CDATA[firefox]]>
              </value>
            </param>
            <param index="1">
              <value>
                <![CDATA[https://usmauijimb2b.stg/mauijimb2bstorefront]]>
              </value>
            </param>
          </params>
          <reporter-output>
          </reporter-output>
        </test-method> <!-- initializeTestBaseSetup -->
        <test-method status="PASS" signature="setupSuite(org.testng.ITestContext)[pri:0, instance:com.pragiti.excutionEngine.UIExecutor@31f9b85e]" name="setupSuite" is-config="true" duration-ms="93" started-at="2017-08-11T13:54:33Z" finished-at="2017-08-11T13:54:33Z">
          <params>
            <param index="0">
              <value>
                <![CDATA[org.testng.TestRunner@3015db78]]>
              </value>
            </param>
          </params>
          <reporter-output>
          </reporter-output>
        </test-method> <!-- setupSuite -->
        <test-method status="PASS" signature="setUpTest(org.testng.ITestContext)[pri:0, instance:com.pragiti.excutionEngine.UIExecutor@31f9b85e]" name="setUpTest" is-config="true" duration-ms="1" started-at="2017-08-11T13:55:52Z" depends-on-methods="com.pragiti.core.BaseSetup.initiaLizeTest" finished-at="2017-08-11T13:55:52Z">
          <params>
            <param index="0">
              <value>
                <![CDATA[org.testng.TestRunner@3015db78]]>
              </value>
            </param>
          </params>
          <reporter-output>
          </reporter-output>
        </test-method> <!-- setUpTest -->
        <test-method status="PASS" signature="initiaLizeTest(java.lang.String, java.lang.String)[pri:0, instance:com.pragiti.excutionEngine.UIExecutor@31f9b85e]" name="initiaLizeTest" is-config="true" duration-ms="0" started-at="2017-08-11T13:55:52Z" finished-at="2017-08-11T13:55:52Z">
          <params>
            <param index="0">
              <value>
                <![CDATA[MJ_B2B_Logout.xlsx]]>
              </value>
            </param>
            <param index="1">
              <value>
                <![CDATA[MJ_B2B_Logout.xlsx]]>
              </value>
            </param>
          </params>
          <reporter-output>
          </reporter-output>
        </test-method> <!-- initiaLizeTest -->
        <test-method status="PASS" signature="setUp()[pri:0, instance:com.pragiti.excutionEngine.UIExecutor@31f9b85e]" name="setUp" is-config="true" duration-ms="0" started-at="2017-08-11T13:55:52Z" finished-at="2017-08-11T13:55:52Z">
          <reporter-output>
          </reporter-output>
        </test-method> <!-- setUp -->
        <test-method status="PASS" signature="execute([Ljava.lang.String;)[pri:0, instance:com.pragiti.excutionEngine.UIExecutor@31f9b85e]" name="execute" duration-ms="4384" started-at="2017-08-11T13:55:52Z" data-provider="uiexecxlsx" finished-at="2017-08-11T13:55:56Z">
          <params>
            <param index="0">
              <value>
                <![CDATA[[Ljava.lang.String;@64030b91]]>
              </value>
            </param>
          </params>
          <reporter-output>
          </reporter-output>
        </test-method> <!-- execute -->
        <test-method status="PASS" signature="afterMethod(org.testng.ITestResult)[pri:0, instance:com.pragiti.excutionEngine.UIExecutor@31f9b85e]" name="afterMethod" is-config="true" duration-ms="105" started-at="2017-08-11T13:55:56Z" finished-at="2017-08-11T13:55:56Z">
          <params>
            <param index="0">
              <value>
                <![CDATA[[TestResult name=execute status=SUCCESS method=UIExecutor.execute([Ljava.lang.String;)[pri:0, instance:com.pragiti.excutionEngine.UIExecutor@31f9b85e] output={null}]]]>
              </value>
            </param>
          </params>
          <reporter-output>
          </reporter-output>
        </test-method> <!-- afterMethod -->
        <test-method status="PASS" signature="tearDown()[pri:0, instance:com.pragiti.excutionEngine.UIExecutor@31f9b85e]" name="tearDown" is-config="true" duration-ms="1556" started-at="2017-08-11T13:55:56Z" finished-at="2017-08-11T13:55:58Z">
          <reporter-output>
          </reporter-output>
        </test-method> <!-- tearDown -->
      </class> <!-- com.pragiti.excutionEngine.UIExecutor -->
    </test> <!-- Logout of Site -->
  </suite> <!-- Maui Jim B2B Checkout Execution Suite -->
</testng-results>
