<?xml version="1.0" encoding="UTF-8"?>
<testng-results skipped="0" failed="0" ignored="0" total="2" passed="2">
  <reporter-output>
  </reporter-output>
  <suite name="Maui Jim B2C Checkout Execution Suite" duration-ms="245285" started-at="2017-08-30T00:36:57Z" finished-at="2017-08-30T00:41:03Z">
    <groups>
    </groups>
    <test name="Guest Checkout" duration-ms="245285" started-at="2017-08-30T00:36:57Z" finished-at="2017-08-30T00:41:03Z">
      <class name="com.pragiti.excutionEngine.UIExecutor">
        <test-method status="PASS" signature="initializeTestBaseSetup(java.lang.String, java.lang.String, org.testng.ITestContext)[pri:0, instance:com.pragiti.excutionEngine.UIExecutor@5fbe4146]" name="initializeTestBaseSetup" is-config="true" duration-ms="18683" started-at="2017-08-29T17:36:39Z" finished-at="2017-08-29T17:36:57Z">
          <params>
            <param index="0">
              <value>
                <![CDATA[slMacSafari]]>
              </value>
            </param>
            <param index="1">
              <value>
                <![CDATA[https://usmauijim.stg/]]>
              </value>
            </param>
            <param index="2">
              <value>
                <![CDATA[org.testng.TestRunner@368d5c00]]>
              </value>
            </param>
          </params>
          <reporter-output>
          </reporter-output>
        </test-method> <!-- initializeTestBaseSetup -->
        <test-method status="PASS" signature="initiaLizeTest(java.lang.String, java.lang.String)[pri:0, instance:com.pragiti.excutionEngine.UIExecutor@5fbe4146]" name="initiaLizeTest" is-config="true" duration-ms="1" started-at="2017-08-29T17:36:57Z" finished-at="2017-08-29T17:36:57Z">
          <params>
            <param index="0">
              <value>
                <![CDATA[GuestCheckout.xlsx]]>
              </value>
            </param>
            <param index="1">
              <value>
                <![CDATA[GuestCheckout.xlsx]]>
              </value>
            </param>
          </params>
          <reporter-output>
          </reporter-output>
        </test-method> <!-- initiaLizeTest -->
        <test-method status="PASS" signature="setUpTestName(org.testng.ITestContext)[pri:0, instance:com.pragiti.excutionEngine.UIExecutor@5fbe4146]" name="setUpTestName" is-config="true" duration-ms="0" started-at="2017-08-29T17:36:57Z" finished-at="2017-08-29T17:36:57Z">
          <params>
            <param index="0">
              <value>
                <![CDATA[org.testng.TestRunner@368d5c00]]>
              </value>
            </param>
          </params>
          <reporter-output>
          </reporter-output>
        </test-method> <!-- setUpTestName -->
        <test-method status="PASS" signature="setUpTest()[pri:0, instance:com.pragiti.excutionEngine.UIExecutor@5fbe4146]" name="setUpTest" is-config="true" duration-ms="0" started-at="2017-08-29T17:36:57Z" depends-on-methods="com.pragiti.core.BaseSetup.initiaLizeTest, com.pragiti.core.BaseSetup.setUpTestName" finished-at="2017-08-29T17:36:57Z">
          <reporter-output>
          </reporter-output>
        </test-method> <!-- setUpTest -->
        <test-method status="PASS" signature="setUp()[pri:0, instance:com.pragiti.excutionEngine.UIExecutor@5fbe4146]" name="setUp" is-config="true" duration-ms="0" started-at="2017-08-29T17:36:57Z" finished-at="2017-08-29T17:36:57Z">
          <reporter-output>
          </reporter-output>
        </test-method> <!-- setUp -->
        <test-method status="PASS" signature="execute([Ljava.lang.String;)[pri:0, instance:com.pragiti.excutionEngine.UIExecutor@5fbe4146]" name="execute" duration-ms="127375" started-at="2017-08-29T17:36:58Z" data-provider="uiexecxlsx" finished-at="2017-08-29T17:39:06Z">
          <params>
            <param index="0">
              <value>
                <![CDATA[[Ljava.lang.String;@a50ae65]]>
              </value>
            </param>
          </params>
          <reporter-output>
          </reporter-output>
        </test-method> <!-- execute -->
        <test-method status="PASS" signature="afterMethod(org.testng.ITestResult)[pri:0, instance:com.pragiti.excutionEngine.UIExecutor@5fbe4146]" name="afterMethod" is-config="true" duration-ms="295" started-at="2017-08-29T17:39:06Z" finished-at="2017-08-29T17:39:06Z">
          <params>
            <param index="0">
              <value>
                <![CDATA[[TestResult name=execute status=SUCCESS method=UIExecutor.execute([Ljava.lang.String;)[pri:0, instance:com.pragiti.excutionEngine.UIExecutor@5fbe4146] output={null}]]]>
              </value>
            </param>
          </params>
          <reporter-output>
          </reporter-output>
        </test-method> <!-- afterMethod -->
        <test-method status="PASS" signature="execute([Ljava.lang.String;)[pri:0, instance:com.pragiti.excutionEngine.UIExecutor@5fbe4146]" name="execute" duration-ms="116625" started-at="2017-08-29T17:39:06Z" data-provider="uiexecxlsx" finished-at="2017-08-29T17:41:03Z">
          <params>
            <param index="0">
              <value>
                <![CDATA[[Ljava.lang.String;@1280851e]]>
              </value>
            </param>
          </params>
          <reporter-output>
          </reporter-output>
        </test-method> <!-- execute -->
        <test-method status="PASS" signature="afterMethod(org.testng.ITestResult)[pri:0, instance:com.pragiti.excutionEngine.UIExecutor@5fbe4146]" name="afterMethod" is-config="true" duration-ms="77" started-at="2017-08-29T17:41:03Z" finished-at="2017-08-29T17:41:03Z">
          <params>
            <param index="0">
              <value>
                <![CDATA[[TestResult name=execute status=SUCCESS method=UIExecutor.execute([Ljava.lang.String;)[pri:0, instance:com.pragiti.excutionEngine.UIExecutor@5fbe4146] output={null}]]]>
              </value>
            </param>
          </params>
          <reporter-output>
          </reporter-output>
        </test-method> <!-- afterMethod -->
        <test-method status="PASS" signature="tearDown()[pri:0, instance:com.pragiti.excutionEngine.UIExecutor@5fbe4146]" name="tearDown" is-config="true" duration-ms="302" started-at="2017-08-29T17:41:03Z" finished-at="2017-08-29T17:41:03Z">
          <reporter-output>
          </reporter-output>
        </test-method> <!-- tearDown -->
      </class> <!-- com.pragiti.excutionEngine.UIExecutor -->
    </test> <!-- Guest Checkout -->
  </suite> <!-- Maui Jim B2C Checkout Execution Suite -->
</testng-results>
