<?xml version="1.0" encoding="UTF-8"?>
<testng-results skipped="0" failed="0" ignored="0" total="7" passed="7">
  <reporter-output>
  </reporter-output>
  <suite name="Maui Jim B2B Checkout Execution Suite" duration-ms="81923" started-at="2017-08-04T20:17:00Z" finished-at="2017-08-04T20:18:22Z">
    <groups>
    </groups>
    <test name="Login To Checkout" duration-ms="6387" started-at="2017-08-04T20:17:00Z" finished-at="2017-08-04T20:17:06Z">
      <class name="com.pragiti.excutionEngine.UIExecutor">
        <test-method status="PASS" signature="initiaLizeTest(java.lang.String, java.lang.String)[pri:0, instance:com.pragiti.excutionEngine.UIExecutor@3d99d22e]" name="initiaLizeTest" is-config="true" duration-ms="0" started-at="2017-08-04T13:17:00Z" finished-at="2017-08-04T13:17:00Z">
          <params>
            <param index="0">
              <value>
                <![CDATA[MJ_B2B_Login.xlsx]]>
              </value>
            </param>
            <param index="1">
              <value>
                <![CDATA[MJ_B2B_Login.xlsx]]>
              </value>
            </param>
          </params>
          <reporter-output>
          </reporter-output>
        </test-method> <!-- initiaLizeTest -->
        <test-method status="PASS" signature="setUpTest(org.testng.ITestContext)[pri:0, instance:com.pragiti.excutionEngine.UIExecutor@3d99d22e]" name="setUpTest" is-config="true" duration-ms="1" started-at="2017-08-04T13:17:00Z" depends-on-methods="com.pragiti.core.BaseSetup.initiaLizeTest" finished-at="2017-08-04T13:17:00Z">
          <params>
            <param index="0">
              <value>
                <![CDATA[org.testng.TestRunner@6a9287b1]]>
              </value>
            </param>
          </params>
          <reporter-output>
          </reporter-output>
        </test-method> <!-- setUpTest -->
        <test-method status="PASS" signature="setUp()[pri:0, instance:com.pragiti.excutionEngine.UIExecutor@3d99d22e]" name="setUp" is-config="true" duration-ms="0" started-at="2017-08-04T13:17:00Z" finished-at="2017-08-04T13:17:00Z">
          <reporter-output>
          </reporter-output>
        </test-method> <!-- setUp -->
        <test-method status="PASS" signature="execute([Ljava.lang.String;)[pri:0, instance:com.pragiti.excutionEngine.UIExecutor@3d99d22e]" name="execute" duration-ms="5033" started-at="2017-08-04T13:17:01Z" data-provider="uiexecxlsx" finished-at="2017-08-04T13:17:06Z">
          <params>
            <param index="0">
              <value>
                <![CDATA[[Ljava.lang.String;@5769e7ae]]>
              </value>
            </param>
          </params>
          <reporter-output>
          </reporter-output>
        </test-method> <!-- execute -->
        <test-method status="PASS" signature="afterMethod(org.testng.ITestResult)[pri:0, instance:com.pragiti.excutionEngine.UIExecutor@3d99d22e]" name="afterMethod" is-config="true" duration-ms="428" started-at="2017-08-04T13:17:06Z" finished-at="2017-08-04T13:17:06Z">
          <params>
            <param index="0">
              <value>
                <![CDATA[[TestResult name=execute status=SUCCESS method=UIExecutor.execute([Ljava.lang.String;)[pri:0, instance:com.pragiti.excutionEngine.UIExecutor@3d99d22e] output={null}]]]>
              </value>
            </param>
          </params>
          <reporter-output>
          </reporter-output>
        </test-method> <!-- afterMethod -->
      </class> <!-- com.pragiti.excutionEngine.UIExecutor -->
    </test> <!-- Login To Checkout -->
    <test name="Add Plano (and Reader) To Cart" duration-ms="16417" started-at="2017-08-04T20:17:06Z" finished-at="2017-08-04T20:17:23Z">
      <class name="com.pragiti.excutionEngine.UIExecutor">
        <test-method status="PASS" signature="initiaLizeTest(java.lang.String, java.lang.String)[pri:0, instance:com.pragiti.excutionEngine.UIExecutor@694e1548]" name="initiaLizeTest" is-config="true" duration-ms="0" started-at="2017-08-04T13:17:06Z" finished-at="2017-08-04T13:17:06Z">
          <params>
            <param index="0">
              <value>
                <![CDATA[MJ_B2B_PlanoATC.xlsx]]>
              </value>
            </param>
            <param index="1">
              <value>
                <![CDATA[MJ_B2B_PlanoATC.xlsx]]>
              </value>
            </param>
          </params>
          <reporter-output>
          </reporter-output>
        </test-method> <!-- initiaLizeTest -->
        <test-method status="PASS" signature="setUpTest(org.testng.ITestContext)[pri:0, instance:com.pragiti.excutionEngine.UIExecutor@694e1548]" name="setUpTest" is-config="true" duration-ms="0" started-at="2017-08-04T13:17:06Z" depends-on-methods="com.pragiti.core.BaseSetup.initiaLizeTest" finished-at="2017-08-04T13:17:06Z">
          <params>
            <param index="0">
              <value>
                <![CDATA[org.testng.TestRunner@75504cef]]>
              </value>
            </param>
          </params>
          <reporter-output>
          </reporter-output>
        </test-method> <!-- setUpTest -->
        <test-method status="PASS" signature="setUp()[pri:0, instance:com.pragiti.excutionEngine.UIExecutor@694e1548]" name="setUp" is-config="true" duration-ms="1" started-at="2017-08-04T13:17:06Z" finished-at="2017-08-04T13:17:06Z">
          <reporter-output>
          </reporter-output>
        </test-method> <!-- setUp -->
        <test-method status="PASS" signature="execute([Ljava.lang.String;)[pri:0, instance:com.pragiti.excutionEngine.UIExecutor@694e1548]" name="execute" duration-ms="7658" started-at="2017-08-04T13:17:06Z" data-provider="uiexecxlsx" finished-at="2017-08-04T13:17:14Z">
          <params>
            <param index="0">
              <value>
                <![CDATA[[Ljava.lang.String;@329a1243]]>
              </value>
            </param>
          </params>
          <reporter-output>
          </reporter-output>
        </test-method> <!-- execute -->
        <test-method status="PASS" signature="afterMethod(org.testng.ITestResult)[pri:0, instance:com.pragiti.excutionEngine.UIExecutor@694e1548]" name="afterMethod" is-config="true" duration-ms="83" started-at="2017-08-04T13:17:14Z" finished-at="2017-08-04T13:17:14Z">
          <params>
            <param index="0">
              <value>
                <![CDATA[[TestResult name=execute status=SUCCESS method=UIExecutor.execute([Ljava.lang.String;)[pri:0, instance:com.pragiti.excutionEngine.UIExecutor@694e1548] output={null}]]]>
              </value>
            </param>
          </params>
          <reporter-output>
          </reporter-output>
        </test-method> <!-- afterMethod -->
        <test-method status="PASS" signature="execute([Ljava.lang.String;)[pri:0, instance:com.pragiti.excutionEngine.UIExecutor@694e1548]" name="execute" duration-ms="8510" started-at="2017-08-04T13:17:14Z" data-provider="uiexecxlsx" finished-at="2017-08-04T13:17:23Z">
          <params>
            <param index="0">
              <value>
                <![CDATA[[Ljava.lang.String;@ecf9fb3]]>
              </value>
            </param>
          </params>
          <reporter-output>
          </reporter-output>
        </test-method> <!-- execute -->
        <test-method status="PASS" signature="afterMethod(org.testng.ITestResult)[pri:0, instance:com.pragiti.excutionEngine.UIExecutor@694e1548]" name="afterMethod" is-config="true" duration-ms="75" started-at="2017-08-04T13:17:23Z" finished-at="2017-08-04T13:17:23Z">
          <params>
            <param index="0">
              <value>
                <![CDATA[[TestResult name=execute status=SUCCESS method=UIExecutor.execute([Ljava.lang.String;)[pri:0, instance:com.pragiti.excutionEngine.UIExecutor@694e1548] output={null}]]]>
              </value>
            </param>
          </params>
          <reporter-output>
          </reporter-output>
        </test-method> <!-- afterMethod -->
      </class> <!-- com.pragiti.excutionEngine.UIExecutor -->
    </test> <!-- Add Plano (and Reader) To Cart -->
    <test name="Add Opthalmic To Cart" duration-ms="29061" started-at="2017-08-04T20:17:23Z" finished-at="2017-08-04T20:17:52Z">
      <class name="com.pragiti.excutionEngine.UIExecutor">
        <test-method status="PASS" signature="initiaLizeTest(java.lang.String, java.lang.String)[pri:0, instance:com.pragiti.excutionEngine.UIExecutor@d44fc21]" name="initiaLizeTest" is-config="true" duration-ms="1" started-at="2017-08-04T13:17:23Z" finished-at="2017-08-04T13:17:23Z">
          <params>
            <param index="0">
              <value>
                <![CDATA[MJ_B2B_OpthalmicATC.xlsx]]>
              </value>
            </param>
            <param index="1">
              <value>
                <![CDATA[MJ_B2B_OpthalmicATC.xlsx]]>
              </value>
            </param>
          </params>
          <reporter-output>
          </reporter-output>
        </test-method> <!-- initiaLizeTest -->
        <test-method status="PASS" signature="setUp()[pri:0, instance:com.pragiti.excutionEngine.UIExecutor@d44fc21]" name="setUp" is-config="true" duration-ms="0" started-at="2017-08-04T13:17:23Z" finished-at="2017-08-04T13:17:23Z">
          <reporter-output>
          </reporter-output>
        </test-method> <!-- setUp -->
        <test-method status="PASS" signature="setUpTest(org.testng.ITestContext)[pri:0, instance:com.pragiti.excutionEngine.UIExecutor@d44fc21]" name="setUpTest" is-config="true" duration-ms="0" started-at="2017-08-04T13:17:23Z" depends-on-methods="com.pragiti.core.BaseSetup.initiaLizeTest" finished-at="2017-08-04T13:17:23Z">
          <params>
            <param index="0">
              <value>
                <![CDATA[org.testng.TestRunner@6c8a68c1]]>
              </value>
            </param>
          </params>
          <reporter-output>
          </reporter-output>
        </test-method> <!-- setUpTest -->
        <test-method status="PASS" signature="execute([Ljava.lang.String;)[pri:0, instance:com.pragiti.excutionEngine.UIExecutor@d44fc21]" name="execute" duration-ms="28937" started-at="2017-08-04T13:17:23Z" data-provider="uiexecxlsx" finished-at="2017-08-04T13:17:52Z">
          <params>
            <param index="0">
              <value>
                <![CDATA[[Ljava.lang.String;@49bf29c6]]>
              </value>
            </param>
          </params>
          <reporter-output>
          </reporter-output>
        </test-method> <!-- execute -->
        <test-method status="PASS" signature="afterMethod(org.testng.ITestResult)[pri:0, instance:com.pragiti.excutionEngine.UIExecutor@d44fc21]" name="afterMethod" is-config="true" duration-ms="90" started-at="2017-08-04T13:17:52Z" finished-at="2017-08-04T13:17:52Z">
          <params>
            <param index="0">
              <value>
                <![CDATA[[TestResult name=execute status=SUCCESS method=UIExecutor.execute([Ljava.lang.String;)[pri:0, instance:com.pragiti.excutionEngine.UIExecutor@d44fc21] output={null}]]]>
              </value>
            </param>
          </params>
          <reporter-output>
          </reporter-output>
        </test-method> <!-- afterMethod -->
      </class> <!-- com.pragiti.excutionEngine.UIExecutor -->
    </test> <!-- Add Opthalmic To Cart -->
    <test name="Add MyMaui To Cart" duration-ms="7336" started-at="2017-08-04T20:17:52Z" finished-at="2017-08-04T20:17:59Z">
      <class name="com.pragiti.excutionEngine.UIExecutor">
        <test-method status="PASS" signature="initiaLizeTest(java.lang.String, java.lang.String)[pri:0, instance:com.pragiti.excutionEngine.UIExecutor@56aac163]" name="initiaLizeTest" is-config="true" duration-ms="1" started-at="2017-08-04T13:17:52Z" finished-at="2017-08-04T13:17:52Z">
          <params>
            <param index="0">
              <value>
                <![CDATA[MJ_B2B_MMAtc.xlsx]]>
              </value>
            </param>
            <param index="1">
              <value>
                <![CDATA[MJ_B2B_MMAtc.xlsx]]>
              </value>
            </param>
          </params>
          <reporter-output>
          </reporter-output>
        </test-method> <!-- initiaLizeTest -->
        <test-method status="PASS" signature="setUpTest(org.testng.ITestContext)[pri:0, instance:com.pragiti.excutionEngine.UIExecutor@56aac163]" name="setUpTest" is-config="true" duration-ms="0" started-at="2017-08-04T13:17:52Z" depends-on-methods="com.pragiti.core.BaseSetup.initiaLizeTest" finished-at="2017-08-04T13:17:52Z">
          <params>
            <param index="0">
              <value>
                <![CDATA[org.testng.TestRunner@56193c7d]]>
              </value>
            </param>
          </params>
          <reporter-output>
          </reporter-output>
        </test-method> <!-- setUpTest -->
        <test-method status="PASS" signature="setUp()[pri:0, instance:com.pragiti.excutionEngine.UIExecutor@56aac163]" name="setUp" is-config="true" duration-ms="0" started-at="2017-08-04T13:17:52Z" finished-at="2017-08-04T13:17:52Z">
          <reporter-output>
          </reporter-output>
        </test-method> <!-- setUp -->
        <test-method status="PASS" signature="execute([Ljava.lang.String;)[pri:0, instance:com.pragiti.excutionEngine.UIExecutor@56aac163]" name="execute" duration-ms="7252" started-at="2017-08-04T13:17:52Z" data-provider="uiexecxlsx" finished-at="2017-08-04T13:17:59Z">
          <params>
            <param index="0">
              <value>
                <![CDATA[[Ljava.lang.String;@51671b08]]>
              </value>
            </param>
          </params>
          <reporter-output>
          </reporter-output>
        </test-method> <!-- execute -->
        <test-method status="PASS" signature="afterMethod(org.testng.ITestResult)[pri:0, instance:com.pragiti.excutionEngine.UIExecutor@56aac163]" name="afterMethod" is-config="true" duration-ms="55" started-at="2017-08-04T13:17:59Z" finished-at="2017-08-04T13:17:59Z">
          <params>
            <param index="0">
              <value>
                <![CDATA[[TestResult name=execute status=SUCCESS method=UIExecutor.execute([Ljava.lang.String;)[pri:0, instance:com.pragiti.excutionEngine.UIExecutor@56aac163] output={null}]]]>
              </value>
            </param>
          </params>
          <reporter-output>
          </reporter-output>
        </test-method> <!-- afterMethod -->
      </class> <!-- com.pragiti.excutionEngine.UIExecutor -->
    </test> <!-- Add MyMaui To Cart -->
    <test name="Place Order" duration-ms="18275" started-at="2017-08-04T20:17:59Z" finished-at="2017-08-04T20:18:17Z">
      <class name="com.pragiti.excutionEngine.UIExecutor">
        <test-method status="PASS" signature="initiaLizeTest(java.lang.String, java.lang.String)[pri:0, instance:com.pragiti.excutionEngine.UIExecutor@1e965684]" name="initiaLizeTest" is-config="true" duration-ms="0" started-at="2017-08-04T13:17:59Z" finished-at="2017-08-04T13:17:59Z">
          <params>
            <param index="0">
              <value>
                <![CDATA[MJ_B2B_PlaceOrder.xlsx]]>
              </value>
            </param>
            <param index="1">
              <value>
                <![CDATA[MJ_B2B_PlaceOrder.xlsx]]>
              </value>
            </param>
          </params>
          <reporter-output>
          </reporter-output>
        </test-method> <!-- initiaLizeTest -->
        <test-method status="PASS" signature="setUpTest(org.testng.ITestContext)[pri:0, instance:com.pragiti.excutionEngine.UIExecutor@1e965684]" name="setUpTest" is-config="true" duration-ms="0" started-at="2017-08-04T13:17:59Z" depends-on-methods="com.pragiti.core.BaseSetup.initiaLizeTest" finished-at="2017-08-04T13:17:59Z">
          <params>
            <param index="0">
              <value>
                <![CDATA[org.testng.TestRunner@28c88600]]>
              </value>
            </param>
          </params>
          <reporter-output>
          </reporter-output>
        </test-method> <!-- setUpTest -->
        <test-method status="PASS" signature="setUp()[pri:0, instance:com.pragiti.excutionEngine.UIExecutor@1e965684]" name="setUp" is-config="true" duration-ms="0" started-at="2017-08-04T13:17:59Z" finished-at="2017-08-04T13:17:59Z">
          <reporter-output>
          </reporter-output>
        </test-method> <!-- setUp -->
        <test-method status="PASS" signature="execute([Ljava.lang.String;)[pri:0, instance:com.pragiti.excutionEngine.UIExecutor@1e965684]" name="execute" duration-ms="18208" started-at="2017-08-04T13:17:59Z" data-provider="uiexecxlsx" finished-at="2017-08-04T13:18:17Z">
          <params>
            <param index="0">
              <value>
                <![CDATA[[Ljava.lang.String;@5c09d180]]>
              </value>
            </param>
          </params>
          <reporter-output>
          </reporter-output>
        </test-method> <!-- execute -->
        <test-method status="PASS" signature="afterMethod(org.testng.ITestResult)[pri:0, instance:com.pragiti.excutionEngine.UIExecutor@1e965684]" name="afterMethod" is-config="true" duration-ms="52" started-at="2017-08-04T13:18:17Z" finished-at="2017-08-04T13:18:17Z">
          <params>
            <param index="0">
              <value>
                <![CDATA[[TestResult name=execute status=SUCCESS method=UIExecutor.execute([Ljava.lang.String;)[pri:0, instance:com.pragiti.excutionEngine.UIExecutor@1e965684] output={null}]]]>
              </value>
            </param>
          </params>
          <reporter-output>
          </reporter-output>
        </test-method> <!-- afterMethod -->
      </class> <!-- com.pragiti.excutionEngine.UIExecutor -->
    </test> <!-- Place Order -->
    <test name="Logout of Site" duration-ms="4409" started-at="2017-08-04T20:18:17Z" finished-at="2017-08-04T20:18:22Z">
      <class name="com.pragiti.excutionEngine.UIExecutor">
        <test-method status="PASS" signature="initializeTestBaseSetup(java.lang.String, java.lang.String)[pri:0, instance:com.pragiti.excutionEngine.UIExecutor@17579e0f]" name="initializeTestBaseSetup" is-config="true" duration-ms="8882" started-at="2017-08-04T13:16:51Z" finished-at="2017-08-04T13:17:00Z">
          <params>
            <param index="0">
              <value>
                <![CDATA[firefox]]>
              </value>
            </param>
            <param index="1">
              <value>
                <![CDATA[https://usmauijimb2b.stg/mauijimb2bstorefront]]>
              </value>
            </param>
          </params>
          <reporter-output>
          </reporter-output>
        </test-method> <!-- initializeTestBaseSetup -->
        <test-method status="PASS" signature="setupSuite(org.testng.ITestContext)[pri:0, instance:com.pragiti.excutionEngine.UIExecutor@17579e0f]" name="setupSuite" is-config="true" duration-ms="92" started-at="2017-08-04T13:17:00Z" finished-at="2017-08-04T13:17:00Z">
          <params>
            <param index="0">
              <value>
                <![CDATA[org.testng.TestRunner@5f8890c2]]>
              </value>
            </param>
          </params>
          <reporter-output>
          </reporter-output>
        </test-method> <!-- setupSuite -->
        <test-method status="PASS" signature="initiaLizeTest(java.lang.String, java.lang.String)[pri:0, instance:com.pragiti.excutionEngine.UIExecutor@17579e0f]" name="initiaLizeTest" is-config="true" duration-ms="1" started-at="2017-08-04T13:18:17Z" finished-at="2017-08-04T13:18:17Z">
          <params>
            <param index="0">
              <value>
                <![CDATA[MJ_B2B_Logout.xlsx]]>
              </value>
            </param>
            <param index="1">
              <value>
                <![CDATA[MJ_B2B_Logout.xlsx]]>
              </value>
            </param>
          </params>
          <reporter-output>
          </reporter-output>
        </test-method> <!-- initiaLizeTest -->
        <test-method status="PASS" signature="setUpTest(org.testng.ITestContext)[pri:0, instance:com.pragiti.excutionEngine.UIExecutor@17579e0f]" name="setUpTest" is-config="true" duration-ms="0" started-at="2017-08-04T13:18:17Z" depends-on-methods="com.pragiti.core.BaseSetup.initiaLizeTest" finished-at="2017-08-04T13:18:17Z">
          <params>
            <param index="0">
              <value>
                <![CDATA[org.testng.TestRunner@5f8890c2]]>
              </value>
            </param>
          </params>
          <reporter-output>
          </reporter-output>
        </test-method> <!-- setUpTest -->
        <test-method status="PASS" signature="setUp()[pri:0, instance:com.pragiti.excutionEngine.UIExecutor@17579e0f]" name="setUp" is-config="true" duration-ms="0" started-at="2017-08-04T13:18:17Z" finished-at="2017-08-04T13:18:17Z">
          <reporter-output>
          </reporter-output>
        </test-method> <!-- setUp -->
        <test-method status="PASS" signature="execute([Ljava.lang.String;)[pri:0, instance:com.pragiti.excutionEngine.UIExecutor@17579e0f]" name="execute" duration-ms="4321" started-at="2017-08-04T13:18:17Z" data-provider="uiexecxlsx" finished-at="2017-08-04T13:18:22Z">
          <params>
            <param index="0">
              <value>
                <![CDATA[[Ljava.lang.String;@1929425f]]>
              </value>
            </param>
          </params>
          <reporter-output>
          </reporter-output>
        </test-method> <!-- execute -->
        <test-method status="PASS" signature="afterMethod(org.testng.ITestResult)[pri:0, instance:com.pragiti.excutionEngine.UIExecutor@17579e0f]" name="afterMethod" is-config="true" duration-ms="76" started-at="2017-08-04T13:18:22Z" finished-at="2017-08-04T13:18:22Z">
          <params>
            <param index="0">
              <value>
                <![CDATA[[TestResult name=execute status=SUCCESS method=UIExecutor.execute([Ljava.lang.String;)[pri:0, instance:com.pragiti.excutionEngine.UIExecutor@17579e0f] output={null}]]]>
              </value>
            </param>
          </params>
          <reporter-output>
          </reporter-output>
        </test-method> <!-- afterMethod -->
        <test-method status="PASS" signature="tearDown()[pri:0, instance:com.pragiti.excutionEngine.UIExecutor@17579e0f]" name="tearDown" is-config="true" duration-ms="1003" started-at="2017-08-04T13:18:22Z" finished-at="2017-08-04T13:18:23Z">
          <reporter-output>
          </reporter-output>
        </test-method> <!-- tearDown -->
      </class> <!-- com.pragiti.excutionEngine.UIExecutor -->
    </test> <!-- Logout of Site -->
  </suite> <!-- Maui Jim B2B Checkout Execution Suite -->
</testng-results>
