<?xml version="1.0" encoding="UTF-8"?>
<testng-results skipped="0" failed="0" ignored="0" total="7" passed="7">
  <reporter-output>
  </reporter-output>
  <suite name="Maui Jim B2B Checkout Execution Suite" duration-ms="77593" started-at="2017-08-12T00:21:34Z" finished-at="2017-08-12T00:22:51Z">
    <groups>
    </groups>
    <test name="Login To Checkout" duration-ms="6094" started-at="2017-08-12T00:21:34Z" finished-at="2017-08-12T00:21:40Z">
      <class name="com.pragiti.excutionEngine.UIExecutor">
        <test-method status="PASS" signature="initiaLizeTest(java.lang.String, java.lang.String)[pri:0, instance:com.pragiti.excutionEngine.UIExecutor@17f7cd29]" name="initiaLizeTest" is-config="true" duration-ms="1" started-at="2017-08-11T17:21:34Z" finished-at="2017-08-11T17:21:34Z">
          <params>
            <param index="0">
              <value>
                <![CDATA[MJ_B2B_Login.xlsx]]>
              </value>
            </param>
            <param index="1">
              <value>
                <![CDATA[MJ_B2B_Login.xlsx]]>
              </value>
            </param>
          </params>
          <reporter-output>
          </reporter-output>
        </test-method> <!-- initiaLizeTest -->
        <test-method status="PASS" signature="setUpTest(org.testng.ITestContext)[pri:0, instance:com.pragiti.excutionEngine.UIExecutor@17f7cd29]" name="setUpTest" is-config="true" duration-ms="0" started-at="2017-08-11T17:21:34Z" depends-on-methods="com.pragiti.core.BaseSetup.initiaLizeTest" finished-at="2017-08-11T17:21:34Z">
          <params>
            <param index="0">
              <value>
                <![CDATA[org.testng.TestRunner@515ebef3]]>
              </value>
            </param>
          </params>
          <reporter-output>
          </reporter-output>
        </test-method> <!-- setUpTest -->
        <test-method status="PASS" signature="setUp()[pri:0, instance:com.pragiti.excutionEngine.UIExecutor@17f7cd29]" name="setUp" is-config="true" duration-ms="0" started-at="2017-08-11T17:21:34Z" finished-at="2017-08-11T17:21:34Z">
          <reporter-output>
          </reporter-output>
        </test-method> <!-- setUp -->
        <test-method status="PASS" signature="execute([Ljava.lang.String;)[pri:0, instance:com.pragiti.excutionEngine.UIExecutor@17f7cd29]" name="execute" duration-ms="4986" started-at="2017-08-11T17:21:34Z" data-provider="uiexecxlsx" finished-at="2017-08-11T17:21:39Z">
          <params>
            <param index="0">
              <value>
                <![CDATA[[Ljava.lang.String;@7180e701]]>
              </value>
            </param>
          </params>
          <reporter-output>
          </reporter-output>
        </test-method> <!-- execute -->
        <test-method status="PASS" signature="afterMethod(org.testng.ITestResult)[pri:0, instance:com.pragiti.excutionEngine.UIExecutor@17f7cd29]" name="afterMethod" is-config="true" duration-ms="628" started-at="2017-08-11T17:21:39Z" finished-at="2017-08-11T17:21:40Z">
          <params>
            <param index="0">
              <value>
                <![CDATA[[TestResult name=execute status=SUCCESS method=UIExecutor.execute([Ljava.lang.String;)[pri:0, instance:com.pragiti.excutionEngine.UIExecutor@17f7cd29] output={null}]]]>
              </value>
            </param>
          </params>
          <reporter-output>
          </reporter-output>
        </test-method> <!-- afterMethod -->
      </class> <!-- com.pragiti.excutionEngine.UIExecutor -->
    </test> <!-- Login To Checkout -->
    <test name="Add Plano (and Reader) To Cart" duration-ms="15212" started-at="2017-08-12T00:21:40Z" finished-at="2017-08-12T00:21:55Z">
      <class name="com.pragiti.excutionEngine.UIExecutor">
        <test-method status="PASS" signature="setUpTest(org.testng.ITestContext)[pri:0, instance:com.pragiti.excutionEngine.UIExecutor@7494f96a]" name="setUpTest" is-config="true" duration-ms="0" started-at="2017-08-11T17:21:40Z" depends-on-methods="com.pragiti.core.BaseSetup.initiaLizeTest" finished-at="2017-08-11T17:21:40Z">
          <params>
            <param index="0">
              <value>
                <![CDATA[org.testng.TestRunner@545607f2]]>
              </value>
            </param>
          </params>
          <reporter-output>
          </reporter-output>
        </test-method> <!-- setUpTest -->
        <test-method status="PASS" signature="setUp()[pri:0, instance:com.pragiti.excutionEngine.UIExecutor@7494f96a]" name="setUp" is-config="true" duration-ms="1" started-at="2017-08-11T17:21:40Z" finished-at="2017-08-11T17:21:40Z">
          <reporter-output>
          </reporter-output>
        </test-method> <!-- setUp -->
        <test-method status="PASS" signature="initiaLizeTest(java.lang.String, java.lang.String)[pri:0, instance:com.pragiti.excutionEngine.UIExecutor@7494f96a]" name="initiaLizeTest" is-config="true" duration-ms="0" started-at="2017-08-11T17:21:40Z" finished-at="2017-08-11T17:21:40Z">
          <params>
            <param index="0">
              <value>
                <![CDATA[MJ_B2B_PlanoATC.xlsx]]>
              </value>
            </param>
            <param index="1">
              <value>
                <![CDATA[MJ_B2B_PlanoATC.xlsx]]>
              </value>
            </param>
          </params>
          <reporter-output>
          </reporter-output>
        </test-method> <!-- initiaLizeTest -->
        <test-method status="PASS" signature="execute([Ljava.lang.String;)[pri:0, instance:com.pragiti.excutionEngine.UIExecutor@7494f96a]" name="execute" duration-ms="7573" started-at="2017-08-11T17:21:40Z" data-provider="uiexecxlsx" finished-at="2017-08-11T17:21:47Z">
          <params>
            <param index="0">
              <value>
                <![CDATA[[Ljava.lang.String;@1ee29c84]]>
              </value>
            </param>
          </params>
          <reporter-output>
          </reporter-output>
        </test-method> <!-- execute -->
        <test-method status="PASS" signature="afterMethod(org.testng.ITestResult)[pri:0, instance:com.pragiti.excutionEngine.UIExecutor@7494f96a]" name="afterMethod" is-config="true" duration-ms="75" started-at="2017-08-11T17:21:47Z" finished-at="2017-08-11T17:21:47Z">
          <params>
            <param index="0">
              <value>
                <![CDATA[[TestResult name=execute status=SUCCESS method=UIExecutor.execute([Ljava.lang.String;)[pri:0, instance:com.pragiti.excutionEngine.UIExecutor@7494f96a] output={null}]]]>
              </value>
            </param>
          </params>
          <reporter-output>
          </reporter-output>
        </test-method> <!-- afterMethod -->
        <test-method status="PASS" signature="execute([Ljava.lang.String;)[pri:0, instance:com.pragiti.excutionEngine.UIExecutor@7494f96a]" name="execute" duration-ms="7417" started-at="2017-08-11T17:21:47Z" data-provider="uiexecxlsx" finished-at="2017-08-11T17:21:55Z">
          <params>
            <param index="0">
              <value>
                <![CDATA[[Ljava.lang.String;@7c8326a4]]>
              </value>
            </param>
          </params>
          <reporter-output>
          </reporter-output>
        </test-method> <!-- execute -->
        <test-method status="PASS" signature="afterMethod(org.testng.ITestResult)[pri:0, instance:com.pragiti.excutionEngine.UIExecutor@7494f96a]" name="afterMethod" is-config="true" duration-ms="62" started-at="2017-08-11T17:21:55Z" finished-at="2017-08-11T17:21:55Z">
          <params>
            <param index="0">
              <value>
                <![CDATA[[TestResult name=execute status=SUCCESS method=UIExecutor.execute([Ljava.lang.String;)[pri:0, instance:com.pragiti.excutionEngine.UIExecutor@7494f96a] output={null}]]]>
              </value>
            </param>
          </params>
          <reporter-output>
          </reporter-output>
        </test-method> <!-- afterMethod -->
      </class> <!-- com.pragiti.excutionEngine.UIExecutor -->
    </test> <!-- Add Plano (and Reader) To Cart -->
    <test name="Add Opthalmic To Cart" duration-ms="28416" started-at="2017-08-12T00:21:55Z" finished-at="2017-08-12T00:22:23Z">
      <class name="com.pragiti.excutionEngine.UIExecutor">
        <test-method status="PASS" signature="setUpTest(org.testng.ITestContext)[pri:0, instance:com.pragiti.excutionEngine.UIExecutor@e4487af]" name="setUpTest" is-config="true" duration-ms="0" started-at="2017-08-11T17:21:55Z" depends-on-methods="com.pragiti.core.BaseSetup.initiaLizeTest" finished-at="2017-08-11T17:21:55Z">
          <params>
            <param index="0">
              <value>
                <![CDATA[org.testng.TestRunner@39109136]]>
              </value>
            </param>
          </params>
          <reporter-output>
          </reporter-output>
        </test-method> <!-- setUpTest -->
        <test-method status="PASS" signature="setUp()[pri:0, instance:com.pragiti.excutionEngine.UIExecutor@e4487af]" name="setUp" is-config="true" duration-ms="0" started-at="2017-08-11T17:21:55Z" finished-at="2017-08-11T17:21:55Z">
          <reporter-output>
          </reporter-output>
        </test-method> <!-- setUp -->
        <test-method status="PASS" signature="initiaLizeTest(java.lang.String, java.lang.String)[pri:0, instance:com.pragiti.excutionEngine.UIExecutor@e4487af]" name="initiaLizeTest" is-config="true" duration-ms="0" started-at="2017-08-11T17:21:55Z" finished-at="2017-08-11T17:21:55Z">
          <params>
            <param index="0">
              <value>
                <![CDATA[MJ_B2B_OpthalmicATC.xlsx]]>
              </value>
            </param>
            <param index="1">
              <value>
                <![CDATA[MJ_B2B_OpthalmicATC.xlsx]]>
              </value>
            </param>
          </params>
          <reporter-output>
          </reporter-output>
        </test-method> <!-- initiaLizeTest -->
        <test-method status="PASS" signature="execute([Ljava.lang.String;)[pri:0, instance:com.pragiti.excutionEngine.UIExecutor@e4487af]" name="execute" duration-ms="28318" started-at="2017-08-11T17:21:55Z" data-provider="uiexecxlsx" finished-at="2017-08-11T17:22:23Z">
          <params>
            <param index="0">
              <value>
                <![CDATA[[Ljava.lang.String;@5b5c0057]]>
              </value>
            </param>
          </params>
          <reporter-output>
          </reporter-output>
        </test-method> <!-- execute -->
        <test-method status="PASS" signature="afterMethod(org.testng.ITestResult)[pri:0, instance:com.pragiti.excutionEngine.UIExecutor@e4487af]" name="afterMethod" is-config="true" duration-ms="58" started-at="2017-08-11T17:22:23Z" finished-at="2017-08-11T17:22:23Z">
          <params>
            <param index="0">
              <value>
                <![CDATA[[TestResult name=execute status=SUCCESS method=UIExecutor.execute([Ljava.lang.String;)[pri:0, instance:com.pragiti.excutionEngine.UIExecutor@e4487af] output={null}]]]>
              </value>
            </param>
          </params>
          <reporter-output>
          </reporter-output>
        </test-method> <!-- afterMethod -->
      </class> <!-- com.pragiti.excutionEngine.UIExecutor -->
    </test> <!-- Add Opthalmic To Cart -->
    <test name="Add MyMaui To Cart" duration-ms="7124" started-at="2017-08-12T00:22:23Z" finished-at="2017-08-12T00:22:30Z">
      <class name="com.pragiti.excutionEngine.UIExecutor">
        <test-method status="PASS" signature="setUpTest(org.testng.ITestContext)[pri:0, instance:com.pragiti.excutionEngine.UIExecutor@37883b97]" name="setUpTest" is-config="true" duration-ms="0" started-at="2017-08-11T17:22:23Z" depends-on-methods="com.pragiti.core.BaseSetup.initiaLizeTest" finished-at="2017-08-11T17:22:23Z">
          <params>
            <param index="0">
              <value>
                <![CDATA[org.testng.TestRunner@27c04377]]>
              </value>
            </param>
          </params>
          <reporter-output>
          </reporter-output>
        </test-method> <!-- setUpTest -->
        <test-method status="PASS" signature="initiaLizeTest(java.lang.String, java.lang.String)[pri:0, instance:com.pragiti.excutionEngine.UIExecutor@37883b97]" name="initiaLizeTest" is-config="true" duration-ms="0" started-at="2017-08-11T17:22:23Z" finished-at="2017-08-11T17:22:23Z">
          <params>
            <param index="0">
              <value>
                <![CDATA[MJ_B2B_MMAtc.xlsx]]>
              </value>
            </param>
            <param index="1">
              <value>
                <![CDATA[MJ_B2B_MMAtc.xlsx]]>
              </value>
            </param>
          </params>
          <reporter-output>
          </reporter-output>
        </test-method> <!-- initiaLizeTest -->
        <test-method status="PASS" signature="setUp()[pri:0, instance:com.pragiti.excutionEngine.UIExecutor@37883b97]" name="setUp" is-config="true" duration-ms="1" started-at="2017-08-11T17:22:23Z" finished-at="2017-08-11T17:22:23Z">
          <reporter-output>
          </reporter-output>
        </test-method> <!-- setUp -->
        <test-method status="PASS" signature="execute([Ljava.lang.String;)[pri:0, instance:com.pragiti.excutionEngine.UIExecutor@37883b97]" name="execute" duration-ms="7062" started-at="2017-08-11T17:22:23Z" data-provider="uiexecxlsx" finished-at="2017-08-11T17:22:30Z">
          <params>
            <param index="0">
              <value>
                <![CDATA[[Ljava.lang.String;@51751e5f]]>
              </value>
            </param>
          </params>
          <reporter-output>
          </reporter-output>
        </test-method> <!-- execute -->
        <test-method status="PASS" signature="afterMethod(org.testng.ITestResult)[pri:0, instance:com.pragiti.excutionEngine.UIExecutor@37883b97]" name="afterMethod" is-config="true" duration-ms="45" started-at="2017-08-11T17:22:30Z" finished-at="2017-08-11T17:22:30Z">
          <params>
            <param index="0">
              <value>
                <![CDATA[[TestResult name=execute status=SUCCESS method=UIExecutor.execute([Ljava.lang.String;)[pri:0, instance:com.pragiti.excutionEngine.UIExecutor@37883b97] output={null}]]]>
              </value>
            </param>
          </params>
          <reporter-output>
          </reporter-output>
        </test-method> <!-- afterMethod -->
      </class> <!-- com.pragiti.excutionEngine.UIExecutor -->
    </test> <!-- Add MyMaui To Cart -->
    <test name="Place Order" duration-ms="16318" started-at="2017-08-12T00:22:30Z" finished-at="2017-08-12T00:22:47Z">
      <class name="com.pragiti.excutionEngine.UIExecutor">
        <test-method status="PASS" signature="setUp()[pri:0, instance:com.pragiti.excutionEngine.UIExecutor@63070bab]" name="setUp" is-config="true" duration-ms="0" started-at="2017-08-11T17:22:30Z" finished-at="2017-08-11T17:22:30Z">
          <reporter-output>
          </reporter-output>
        </test-method> <!-- setUp -->
        <test-method status="PASS" signature="setUpTest(org.testng.ITestContext)[pri:0, instance:com.pragiti.excutionEngine.UIExecutor@63070bab]" name="setUpTest" is-config="true" duration-ms="0" started-at="2017-08-11T17:22:30Z" depends-on-methods="com.pragiti.core.BaseSetup.initiaLizeTest" finished-at="2017-08-11T17:22:30Z">
          <params>
            <param index="0">
              <value>
                <![CDATA[org.testng.TestRunner@34dc85a]]>
              </value>
            </param>
          </params>
          <reporter-output>
          </reporter-output>
        </test-method> <!-- setUpTest -->
        <test-method status="PASS" signature="initiaLizeTest(java.lang.String, java.lang.String)[pri:0, instance:com.pragiti.excutionEngine.UIExecutor@63070bab]" name="initiaLizeTest" is-config="true" duration-ms="0" started-at="2017-08-11T17:22:30Z" finished-at="2017-08-11T17:22:30Z">
          <params>
            <param index="0">
              <value>
                <![CDATA[MJ_B2B_PlaceOrder.xlsx]]>
              </value>
            </param>
            <param index="1">
              <value>
                <![CDATA[MJ_B2B_PlaceOrder.xlsx]]>
              </value>
            </param>
          </params>
          <reporter-output>
          </reporter-output>
        </test-method> <!-- initiaLizeTest -->
        <test-method status="PASS" signature="execute([Ljava.lang.String;)[pri:0, instance:com.pragiti.excutionEngine.UIExecutor@63070bab]" name="execute" duration-ms="16261" started-at="2017-08-11T17:22:30Z" data-provider="uiexecxlsx" finished-at="2017-08-11T17:22:47Z">
          <params>
            <param index="0">
              <value>
                <![CDATA[[Ljava.lang.String;@4c98a6d5]]>
              </value>
            </param>
          </params>
          <reporter-output>
          </reporter-output>
        </test-method> <!-- execute -->
        <test-method status="PASS" signature="afterMethod(org.testng.ITestResult)[pri:0, instance:com.pragiti.excutionEngine.UIExecutor@63070bab]" name="afterMethod" is-config="true" duration-ms="41" started-at="2017-08-11T17:22:47Z" finished-at="2017-08-11T17:22:47Z">
          <params>
            <param index="0">
              <value>
                <![CDATA[[TestResult name=execute status=SUCCESS method=UIExecutor.execute([Ljava.lang.String;)[pri:0, instance:com.pragiti.excutionEngine.UIExecutor@63070bab] output={null}]]]>
              </value>
            </param>
          </params>
          <reporter-output>
          </reporter-output>
        </test-method> <!-- afterMethod -->
      </class> <!-- com.pragiti.excutionEngine.UIExecutor -->
    </test> <!-- Place Order -->
    <test name="Logout of Site" duration-ms="4387" started-at="2017-08-12T00:22:47Z" finished-at="2017-08-12T00:22:51Z">
      <class name="com.pragiti.excutionEngine.UIExecutor">
        <test-method status="PASS" signature="initializeTestBaseSetup(java.lang.String, java.lang.String)[pri:0, instance:com.pragiti.excutionEngine.UIExecutor@6db9f5a4]" name="initializeTestBaseSetup" is-config="true" duration-ms="7460" started-at="2017-08-11T17:21:26Z" finished-at="2017-08-11T17:21:34Z">
          <params>
            <param index="0">
              <value>
                <![CDATA[firefox]]>
              </value>
            </param>
            <param index="1">
              <value>
                <![CDATA[https://usmauijimb2b.stg/mauijimb2bstorefront]]>
              </value>
            </param>
          </params>
          <reporter-output>
          </reporter-output>
        </test-method> <!-- initializeTestBaseSetup -->
        <test-method status="PASS" signature="setupSuite(org.testng.ITestContext)[pri:0, instance:com.pragiti.excutionEngine.UIExecutor@6db9f5a4]" name="setupSuite" is-config="true" duration-ms="79" started-at="2017-08-11T17:21:34Z" finished-at="2017-08-11T17:21:34Z">
          <params>
            <param index="0">
              <value>
                <![CDATA[org.testng.TestRunner@3015db78]]>
              </value>
            </param>
          </params>
          <reporter-output>
          </reporter-output>
        </test-method> <!-- setupSuite -->
        <test-method status="PASS" signature="setUpTest(org.testng.ITestContext)[pri:0, instance:com.pragiti.excutionEngine.UIExecutor@6db9f5a4]" name="setUpTest" is-config="true" duration-ms="0" started-at="2017-08-11T17:22:47Z" depends-on-methods="com.pragiti.core.BaseSetup.initiaLizeTest" finished-at="2017-08-11T17:22:47Z">
          <params>
            <param index="0">
              <value>
                <![CDATA[org.testng.TestRunner@3015db78]]>
              </value>
            </param>
          </params>
          <reporter-output>
          </reporter-output>
        </test-method> <!-- setUpTest -->
        <test-method status="PASS" signature="setUp()[pri:0, instance:com.pragiti.excutionEngine.UIExecutor@6db9f5a4]" name="setUp" is-config="true" duration-ms="0" started-at="2017-08-11T17:22:47Z" finished-at="2017-08-11T17:22:47Z">
          <reporter-output>
          </reporter-output>
        </test-method> <!-- setUp -->
        <test-method status="PASS" signature="initiaLizeTest(java.lang.String, java.lang.String)[pri:0, instance:com.pragiti.excutionEngine.UIExecutor@6db9f5a4]" name="initiaLizeTest" is-config="true" duration-ms="0" started-at="2017-08-11T17:22:47Z" finished-at="2017-08-11T17:22:47Z">
          <params>
            <param index="0">
              <value>
                <![CDATA[MJ_B2B_Logout.xlsx]]>
              </value>
            </param>
            <param index="1">
              <value>
                <![CDATA[MJ_B2B_Logout.xlsx]]>
              </value>
            </param>
          </params>
          <reporter-output>
          </reporter-output>
        </test-method> <!-- initiaLizeTest -->
        <test-method status="PASS" signature="execute([Ljava.lang.String;)[pri:0, instance:com.pragiti.excutionEngine.UIExecutor@6db9f5a4]" name="execute" duration-ms="4299" started-at="2017-08-11T17:22:47Z" data-provider="uiexecxlsx" finished-at="2017-08-11T17:22:51Z">
          <params>
            <param index="0">
              <value>
                <![CDATA[[Ljava.lang.String;@64030b91]]>
              </value>
            </param>
          </params>
          <reporter-output>
          </reporter-output>
        </test-method> <!-- execute -->
        <test-method status="PASS" signature="afterMethod(org.testng.ITestResult)[pri:0, instance:com.pragiti.excutionEngine.UIExecutor@6db9f5a4]" name="afterMethod" is-config="true" duration-ms="73" started-at="2017-08-11T17:22:51Z" finished-at="2017-08-11T17:22:51Z">
          <params>
            <param index="0">
              <value>
                <![CDATA[[TestResult name=execute status=SUCCESS method=UIExecutor.execute([Ljava.lang.String;)[pri:0, instance:com.pragiti.excutionEngine.UIExecutor@6db9f5a4] output={null}]]]>
              </value>
            </param>
          </params>
          <reporter-output>
          </reporter-output>
        </test-method> <!-- afterMethod -->
        <test-method status="PASS" signature="tearDown()[pri:0, instance:com.pragiti.excutionEngine.UIExecutor@6db9f5a4]" name="tearDown" is-config="true" duration-ms="1074" started-at="2017-08-11T17:22:51Z" finished-at="2017-08-11T17:22:52Z">
          <reporter-output>
          </reporter-output>
        </test-method> <!-- tearDown -->
      </class> <!-- com.pragiti.excutionEngine.UIExecutor -->
    </test> <!-- Logout of Site -->
  </suite> <!-- Maui Jim B2B Checkout Execution Suite -->
</testng-results>
