<?xml version="1.0" encoding="UTF-8"?>
<!-- Generated by org.testng.reporters.JUnitXMLReporter -->
<testsuite hostname="Samik-PC" name="home test" tests="23" failures="23" timestamp="29 Jul 2016 20:35:41 GMT" time="0.243" errors="0">
  <testcase name="test_Home_Page_Appear_Correct" time="0.027" classname="com.pragiti.test.HomePageTest">
    <failure type="java.lang.NullPointerException">
      <![CDATA[java.lang.NullPointerException
	at com.pragiti.pagefactory.AbstractPageFactory.verifyBasePageTitle(AbstractPageFactory.java:19)
	at com.pragiti.test.HomePageTest.test_Home_Page_Appear_Correct(HomePageTest.java:36)
... Removed 24 stack frames]]>
    </failure>
  </testcase> <!-- test_Home_Page_Appear_Correct -->
  <testcase name="test_navigation_of_imageLinks" time="0.0" classname="com.pragiti.test.HomePageTest">
    <failure type="java.lang.NullPointerException">
      <![CDATA[java.lang.NullPointerException
	at org.openqa.selenium.support.pagefactory.DefaultElementLocator.findElement(DefaultElementLocator.java:69)
	at org.openqa.selenium.support.pagefactory.internal.LocatingElementHandler.invoke(LocatingElementHandler.java:38)
	at com.sun.proxy.$Proxy11.click(Unknown Source)
	at com.pragiti.pagefactory.HomePageFactory.clickBrandsGaloreImage(HomePageFactory.java:336)
	at com.pragiti.test.HomePageTest.test_navigation_of_imageLinks(HomePageTest.java:266)
... Removed 24 stack frames]]>
    </failure>
  </testcase> <!-- test_navigation_of_imageLinks -->
  <testcase name="verifyBestsellingProduct" time="0.015" classname="com.pragiti.test.HomePageTest">
    <failure type="java.lang.NullPointerException">
      <![CDATA[java.lang.NullPointerException
	at org.openqa.selenium.support.pagefactory.DefaultElementLocator.findElement(DefaultElementLocator.java:69)
	at org.openqa.selenium.support.pagefactory.internal.LocatingElementHandler.invoke(LocatingElementHandler.java:38)
	at com.sun.proxy.$Proxy11.isDisplayed(Unknown Source)
	at com.pragiti.test.HomePageTest.verifyBestsellingProduct(HomePageTest.java:222)
... Removed 24 stack frames]]>
    </failure>
  </testcase> <!-- verifyBestsellingProduct -->
  <testcase name="verifyBrandImages" time="0.016" classname="com.pragiti.test.HomePageTest">
    <failure type="java.lang.NullPointerException">
      <![CDATA[java.lang.NullPointerException
	at org.openqa.selenium.support.pagefactory.DefaultElementLocator.findElement(DefaultElementLocator.java:69)
	at org.openqa.selenium.support.pagefactory.internal.LocatingElementHandler.invoke(LocatingElementHandler.java:38)
	at com.sun.proxy.$Proxy11.isDisplayed(Unknown Source)
	at com.pragiti.test.HomePageTest.verifyBrandImages(HomePageTest.java:188)
... Removed 24 stack frames]]>
    </failure>
  </testcase> <!-- verifyBrandImages -->
  <testcase name="verifyProductImages" time="0.016" classname="com.pragiti.test.HomePageTest">
    <failure type="java.lang.NullPointerException">
      <![CDATA[java.lang.NullPointerException
	at org.openqa.selenium.support.pagefactory.DefaultElementLocator.findElement(DefaultElementLocator.java:69)
	at org.openqa.selenium.support.pagefactory.internal.LocatingElementHandler.invoke(LocatingElementHandler.java:38)
	at com.sun.proxy.$Proxy11.isDisplayed(Unknown Source)
	at com.pragiti.test.HomePageTest.verifyProductImages(HomePageTest.java:199)
... Removed 24 stack frames]]>
    </failure>
  </testcase> <!-- verifyProductImages -->
  <testcase name="verifyRotatingBannerImage" time="0.0" classname="com.pragiti.test.HomePageTest">
    <failure type="java.lang.NullPointerException">
      <![CDATA[java.lang.NullPointerException
	at org.openqa.selenium.support.pagefactory.DefaultElementLocator.findElement(DefaultElementLocator.java:69)
	at org.openqa.selenium.support.pagefactory.internal.LocatingElementHandler.invoke(LocatingElementHandler.java:38)
	at com.sun.proxy.$Proxy11.isDisplayed(Unknown Source)
	at com.pragiti.test.HomePageTest.verifyRotatingBannerImage(HomePageTest.java:350)
... Removed 24 stack frames]]>
    </failure>
  </testcase> <!-- verifyRotatingBannerImage -->
  <testcase name="test_navigation_of_FindStoreLink" time="0.015" classname="com.pragiti.test.HomePageTest">
    <failure type="java.lang.NullPointerException">
      <![CDATA[java.lang.NullPointerException
	at org.openqa.selenium.support.pagefactory.DefaultElementLocator.findElement(DefaultElementLocator.java:69)
	at org.openqa.selenium.support.pagefactory.internal.LocatingElementHandler.invoke(LocatingElementHandler.java:38)
	at com.sun.proxy.$Proxy11.click(Unknown Source)
	at com.pragiti.pagefactory.HomePageFactory.clickFindStoreLink(HomePageFactory.java:468)
	at com.pragiti.test.HomePageTest.test_navigation_of_FindStoreLink(HomePageTest.java:392)
... Removed 24 stack frames]]>
    </failure>
  </testcase> <!-- test_navigation_of_FindStoreLink -->
  <testcase name="test_navigation_of_Myaccount_Link" time="0.0" classname="com.pragiti.test.HomePageTest">
    <failure type="java.lang.NullPointerException">
      <![CDATA[java.lang.NullPointerException
	at org.openqa.selenium.support.pagefactory.DefaultElementLocator.findElement(DefaultElementLocator.java:69)
	at org.openqa.selenium.support.pagefactory.internal.LocatingElementHandler.invoke(LocatingElementHandler.java:38)
	at com.sun.proxy.$Proxy11.click(Unknown Source)
	at com.pragiti.pagefactory.HomePageFactory.clickMyAccountLink(HomePageFactory.java:459)
	at com.pragiti.test.HomePageTest.test_navigation_of_Myaccount_Link(HomePageTest.java:369)
... Removed 24 stack frames]]>
    </failure>
  </testcase> <!-- test_navigation_of_Myaccount_Link -->
  <testcase name="test_navigation_of_SigninText" time="0.006" classname="com.pragiti.test.HomePageTest">
    <failure type="java.lang.NullPointerException">
      <![CDATA[java.lang.NullPointerException
	at org.openqa.selenium.support.pagefactory.DefaultElementLocator.findElement(DefaultElementLocator.java:69)
	at org.openqa.selenium.support.pagefactory.internal.LocatingElementHandler.invoke(LocatingElementHandler.java:38)
	at com.sun.proxy.$Proxy11.click(Unknown Source)
	at com.pragiti.pagefactory.HomePageFactory.clickLoginLink(HomePageFactory.java:455)
	at com.pragiti.test.HomePageTest.test_navigation_of_SigninText(HomePageTest.java:359)
... Removed 24 stack frames]]>
    </failure>
  </testcase> <!-- test_navigation_of_SigninText -->
  <testcase name="test_navigation_of_SiteLogo" time="0.0" classname="com.pragiti.test.HomePageTest">
    <failure type="java.lang.NullPointerException">
      <![CDATA[java.lang.NullPointerException
	at org.openqa.selenium.support.pagefactory.DefaultElementLocator.findElement(DefaultElementLocator.java:69)
	at org.openqa.selenium.support.pagefactory.internal.LocatingElementHandler.invoke(LocatingElementHandler.java:38)
	at com.sun.proxy.$Proxy11.click(Unknown Source)
	at com.pragiti.pagefactory.HomePageFactory.clickSiteLogoImage(HomePageFactory.java:464)
	at com.pragiti.test.HomePageTest.test_navigation_of_SiteLogo(HomePageTest.java:380)
... Removed 24 stack frames]]>
    </failure>
  </testcase> <!-- test_navigation_of_SiteLogo -->
  <testcase name="test_opening_of_FirstAndSecond_level_category" time="0.0" classname="com.pragiti.test.HomePageTest">
    <failure type="java.lang.NullPointerException">
      <![CDATA[java.lang.NullPointerException
	at org.openqa.selenium.support.pagefactory.DefaultElementLocator.findElement(DefaultElementLocator.java:69)
	at org.openqa.selenium.support.pagefactory.internal.LocatingElementHandler.invoke(LocatingElementHandler.java:38)
	at com.sun.proxy.$Proxy11.click(Unknown Source)
	at com.pragiti.pagefactory.HomePageFactory.clickBrandsLink(HomePageFactory.java:473)
	at com.pragiti.test.HomePageTest.test_opening_of_FirstAndSecond_level_category(HomePageTest.java:403)
... Removed 24 stack frames]]>
    </failure>
  </testcase> <!-- test_opening_of_FirstAndSecond_level_category -->
  <testcase name="verifyCart" time="0.0" classname="com.pragiti.test.HomePageTest">
    <failure type="java.lang.NullPointerException">
      <![CDATA[java.lang.NullPointerException
	at org.openqa.selenium.support.pagefactory.DefaultElementLocator.findElement(DefaultElementLocator.java:69)
	at org.openqa.selenium.support.pagefactory.internal.LocatingElementHandler.invoke(LocatingElementHandler.java:38)
	at com.sun.proxy.$Proxy11.getText(Unknown Source)
	at com.pragiti.test.HomePageTest.verifyCart(HomePageTest.java:98)
... Removed 24 stack frames]]>
    </failure>
  </testcase> <!-- verifyCart -->
  <testcase name="verifyContentPagesLink" time="0.0" classname="com.pragiti.test.HomePageTest">
    <failure type="java.lang.NullPointerException">
      <![CDATA[java.lang.NullPointerException
	at org.openqa.selenium.support.pagefactory.DefaultElementLocator.findElement(DefaultElementLocator.java:69)
	at org.openqa.selenium.support.pagefactory.internal.LocatingElementHandler.invoke(LocatingElementHandler.java:38)
	at com.sun.proxy.$Proxy11.getText(Unknown Source)
	at com.pragiti.test.HomePageTest.verifyContentPagesLink(HomePageTest.java:133)
... Removed 24 stack frames]]>
    </failure>
  </testcase> <!-- verifyContentPagesLink -->
  <testcase name="verifyCurrencyandLanguageSelector" time="0.016" classname="com.pragiti.test.HomePageTest">
    <failure type="java.lang.NullPointerException">
      <![CDATA[java.lang.NullPointerException
	at org.openqa.selenium.support.pagefactory.DefaultElementLocator.findElement(DefaultElementLocator.java:69)
	at org.openqa.selenium.support.pagefactory.internal.LocatingElementHandler.invoke(LocatingElementHandler.java:38)
	at com.sun.proxy.$Proxy11.isDisplayed(Unknown Source)
	at com.pragiti.test.HomePageTest.verifyCurrencyandLanguageSelector(HomePageTest.java:108)
... Removed 24 stack frames]]>
    </failure>
  </testcase> <!-- verifyCurrencyandLanguageSelector -->
  <testcase name="verifyFindStoreLink" time="0.0" classname="com.pragiti.test.HomePageTest">
    <failure type="java.lang.NullPointerException">
      <![CDATA[java.lang.NullPointerException
	at org.openqa.selenium.support.pagefactory.DefaultElementLocator.findElement(DefaultElementLocator.java:69)
	at org.openqa.selenium.support.pagefactory.internal.LocatingElementHandler.invoke(LocatingElementHandler.java:38)
	at com.sun.proxy.$Proxy11.getText(Unknown Source)
	at com.pragiti.test.HomePageTest.verifyFindStoreLink(HomePageTest.java:87)
... Removed 24 stack frames]]>
    </failure>
  </testcase> <!-- verifyFindStoreLink -->
  <testcase name="verifyMyaccountLink" time="0.0" classname="com.pragiti.test.HomePageTest">
    <failure type="java.lang.NullPointerException">
      <![CDATA[java.lang.NullPointerException
	at org.openqa.selenium.support.pagefactory.DefaultElementLocator.findElement(DefaultElementLocator.java:69)
	at org.openqa.selenium.support.pagefactory.internal.LocatingElementHandler.invoke(LocatingElementHandler.java:38)
	at com.sun.proxy.$Proxy11.getText(Unknown Source)
	at com.pragiti.test.HomePageTest.verifyMyaccountLink(HomePageTest.java:56)
... Removed 24 stack frames]]>
    </failure>
  </testcase> <!-- verifyMyaccountLink -->
  <testcase name="verifyNavigationMenu" time="0.015" classname="com.pragiti.test.HomePageTest">
    <failure type="java.lang.NullPointerException">
      <![CDATA[java.lang.NullPointerException
	at org.openqa.selenium.support.pagefactory.DefaultElementLocator.findElement(DefaultElementLocator.java:69)
	at org.openqa.selenium.support.pagefactory.internal.LocatingElementHandler.invoke(LocatingElementHandler.java:38)
	at com.sun.proxy.$Proxy11.isDisplayed(Unknown Source)
	at com.pragiti.test.HomePageTest.verifyNavigationMenu(HomePageTest.java:179)
... Removed 24 stack frames]]>
    </failure>
  </testcase> <!-- verifyNavigationMenu -->
  <testcase name="verifySearch_Field_with_Search_Glass" time="0.0" classname="com.pragiti.test.HomePageTest">
    <failure type="java.lang.NullPointerException">
      <![CDATA[java.lang.NullPointerException
	at org.openqa.selenium.support.pagefactory.DefaultElementLocator.findElement(DefaultElementLocator.java:69)
	at org.openqa.selenium.support.pagefactory.internal.LocatingElementHandler.invoke(LocatingElementHandler.java:38)
	at com.sun.proxy.$Proxy11.isDisplayed(Unknown Source)
	at com.pragiti.test.HomePageTest.verifySearch_Field_with_Search_Glass(HomePageTest.java:120)
... Removed 24 stack frames]]>
    </failure>
  </testcase> <!-- verifySearch_Field_with_Search_Glass -->
  <testcase name="verifySigninLink" time="0.016" classname="com.pragiti.test.HomePageTest">
    <failure type="java.lang.NullPointerException">
      <![CDATA[java.lang.NullPointerException
	at org.openqa.selenium.support.pagefactory.DefaultElementLocator.findElement(DefaultElementLocator.java:69)
	at org.openqa.selenium.support.pagefactory.internal.LocatingElementHandler.invoke(LocatingElementHandler.java:38)
	at com.sun.proxy.$Proxy11.getText(Unknown Source)
	at com.pragiti.test.HomePageTest.verifySigninLink(HomePageTest.java:46)
... Removed 24 stack frames]]>
    </failure>
  </testcase> <!-- verifySigninLink -->
  <testcase name="verifySiteLogo" time="0.0" classname="com.pragiti.test.HomePageTest">
    <failure type="java.lang.NullPointerException">
      <![CDATA[java.lang.NullPointerException
	at org.openqa.selenium.support.pagefactory.DefaultElementLocator.findElement(DefaultElementLocator.java:69)
	at org.openqa.selenium.support.pagefactory.internal.LocatingElementHandler.invoke(LocatingElementHandler.java:38)
	at com.sun.proxy.$Proxy11.isDisplayed(Unknown Source)
	at com.pragiti.test.HomePageTest.verifySiteLogo(HomePageTest.java:76)
... Removed 24 stack frames]]>
    </failure>
  </testcase> <!-- verifySiteLogo -->
  <testcase name="verifySocialMediaLinks" time="0.0" classname="com.pragiti.test.HomePageTest">
    <failure type="java.lang.NullPointerException">
      <![CDATA[java.lang.NullPointerException
	at org.openqa.selenium.support.pagefactory.DefaultElementLocator.findElement(DefaultElementLocator.java:69)
	at org.openqa.selenium.support.pagefactory.internal.LocatingElementHandler.invoke(LocatingElementHandler.java:38)
	at com.sun.proxy.$Proxy11.getText(Unknown Source)
	at com.pragiti.test.HomePageTest.verifySocialMediaLinks(HomePageTest.java:157)
... Removed 24 stack frames]]>
    </failure>
  </testcase> <!-- verifySocialMediaLinks -->
  <testcase name="verify_Phone_Number" time="0.0" classname="com.pragiti.test.HomePageTest">
    <failure type="java.lang.NullPointerException">
      <![CDATA[java.lang.NullPointerException
	at org.openqa.selenium.support.pagefactory.DefaultElementLocator.findElement(DefaultElementLocator.java:69)
	at org.openqa.selenium.support.pagefactory.internal.LocatingElementHandler.invoke(LocatingElementHandler.java:38)
	at com.sun.proxy.$Proxy11.getText(Unknown Source)
	at com.pragiti.test.HomePageTest.verify_Phone_Number(HomePageTest.java:66)
... Removed 24 stack frames]]>
    </failure>
  </testcase> <!-- verify_Phone_Number -->
  <testcase name="test_navigation_of_ContentPagesLink" time="0.015" classname="com.pragiti.test.HomePageTest">
    <failure type="java.lang.NullPointerException">
      <![CDATA[java.lang.NullPointerException
	at org.openqa.selenium.support.pagefactory.DefaultElementLocator.findElement(DefaultElementLocator.java:69)
	at org.openqa.selenium.support.pagefactory.internal.LocatingElementHandler.invoke(LocatingElementHandler.java:38)
	at com.sun.proxy.$Proxy11.click(Unknown Source)
	at com.pragiti.pagefactory.HomePageFactory.clickFAQLink(HomePageFactory.java:489)
	at com.pragiti.test.HomePageTest.test_navigation_of_ContentPagesLink(HomePageTest.java:419)
... Removed 24 stack frames]]>
    </failure>
  </testcase> <!-- test_navigation_of_ContentPagesLink -->
</testsuite> <!-- home test -->
